IntegerPolynomial25519
[2^0 * -19]

IntegerPolynomial448
[2^224 * -1, 2^0 * -1]

IntegerPolynomialP256
[2^224 * -1, 2^192 * 1, 2^96 * 1, 2^0 * -1]

IntegerPolynomialP384
[2^128 * -1, 2^96 * -1, 2^32 * 1, 2^0 * -1]

IntegerPolynomialP521
[2^0 * -1]

P256OrderField
[2^0 * 6497617, 2^26 * -26038081, 2^52 * 32001852, 2^78 * -21586850, 2^104 * -4397317, 2^182 * 1024, 2^208 * -65536]

P384OrderField
[2^0 * -54187661, 2^28 * -20867411, 2^56 * 10975981, 2^84 * 14361739, 2^112 * -35694566, 2^140 * -132168845, 2^168 * -3710130]

P521OrderField
[2^0 * 20472841, 2^28 * 117141993, 2^56 * -62411077, 2^84 * -56915814, 2^112 * 97532854, 2^140 * 76509338, 2^168 * -75510783, 2^196 * -67962521, 2^224 * 25593732, 2^252 * -91]

Curve25519OrderField
[2^0 * 16110573, 2^26 * 10012311, 2^52 * 30238081, 2^78 * -8746018, 2^104 * 1367802]

Curve448OrderField
[2^0 * -78101261, 2^28 * 126626091, 2^56 * 93279523, 2^84 * -64542500, 2^112 * 110109037, 2^140 * 77262179, 2^168 * -104575269, 2^196 * 130851391, 2^224 * -1]

