Building target 'images' in configuration 'linux-x86_64-server-release'
Creating support/modules_libs/java.base/jrt-fs.jar
Compiling up to 3402 files for java.base
Updating support/src.zip
Updating support/modules_cmds/java.rmi/rmiregistry due to makefile changes
Updating support/modules_cmds/java.base/java due to makefile changes
Updating support/modules_cmds/java.base/keytool due to makefile changes
Updating support/modules_libs/java.base/jspawnhelper due to makefile changes
Updating support/modules_cmds/jdk.compiler/javac due to makefile changes
Updating support/modules_cmds/jdk.compiler/serialver due to makefile changes
Updating support/modules_cmds/jdk.hotspot.agent/jhsdb due to makefile changes
Updating support/modules_cmds/jdk.httpserver/jwebserver due to makefile changes
Updating support/modules_cmds/jdk.jartool/jar due to makefile changes
Updating support/modules_cmds/jdk.jartool/jarsigner due to makefile changes
Updating support/modules_cmds/jdk.javadoc/javadoc due to makefile changes
Updating support/modules_cmds/jdk.jcmd/jinfo due to makefile changes
Updating support/modules_cmds/jdk.jcmd/jmap due to makefile changes
Updating support/modules_cmds/jdk.jcmd/jps due to makefile changes
Updating support/modules_cmds/jdk.jcmd/jstack due to makefile changes
Updating support/modules_cmds/jdk.jcmd/jstat due to makefile changes
Updating support/modules_cmds/jdk.jcmd/jcmd due to makefile changes
Updating support/modules_cmds/jdk.jconsole/jconsole due to makefile changes
Updating support/modules_cmds/jdk.jdeps/javap due to makefile changes
Updating support/modules_cmds/jdk.jdeps/jdeps due to makefile changes
Updating support/modules_cmds/jdk.jdeps/jdeprscan due to makefile changes
Updating support/modules_cmds/jdk.jdeps/jnativescan due to makefile changes
Updating support/modules_cmds/jdk.jdi/jdb due to makefile changes
Updating support/modules_cmds/jdk.jfr/jfr due to makefile changes
Updating support/modules_cmds/jdk.jlink/jimage due to makefile changes
Updating support/modules_cmds/jdk.jlink/jlink due to makefile changes
Updating support/modules_cmds/jdk.jlink/jmod due to makefile changes
Updating support/modules_cmds/jdk.jshell/jshell due to makefile changes
Updating support/modules_cmds/jdk.jpackage/jpackage due to makefile changes
Updating support/modules_cmds/jdk.jstatd/jstatd due to makefile changes
Creating java.datatransfer.jmod
Creating java.instrument.jmod
Creating java.management.jmod
Creating java.logging.jmod
Creating java.compiler.jmod
Creating java.management.rmi.jmodCreating java.desktop.jmod

Creating java.naming.jmod
Creating java.net.http.jmod
Creating java.prefs.jmod
Creating java.rmi.jmod
Creating java.scripting.jmod
Creating java.se.jmod
Creating java.security.jgss.jmod
Creating java.security.sasl.jmod
Creating java.smartcardio.jmod
Creating java.sql.jmod
Creating java.sql.rowset.jmod
Creating java.transaction.xa.jmod
Creating java.xml.crypto.jmod
Creating java.xml.jmod
Creating jdk.attach.jmod
Creating jdk.accessibility.jmod
Creating jdk.charsets.jmod
Creating jdk.compiler.jmod
Creating jdk.crypto.cryptoki.jmod
Creating jdk.crypto.ec.jmod
Creating jdk.dynalink.jmod
Creating jdk.editpad.jmod
Creating jdk.hotspot.agent.jmod
Creating jdk.httpserver.jmod
Creating jdk.incubator.vector.jmod
Creating jdk.internal.ed.jmod
Creating jdk.internal.jvmstat.jmod
Creating jdk.internal.le.jmod
Creating jdk.internal.md.jmod
Creating jdk.internal.opt.jmod
Creating jdk.internal.vm.ci.jmod
Creating jdk.jartool.jmod
Creating jdk.javadoc.jmod
Creating jdk.jcmd.jmod
Creating jdk.jconsole.jmod
Creating jdk.jdeps.jmod
Creating jdk.jdi.jmod
Creating jdk.jdwp.agent.jmod
Creating jdk.jfr.jmod
Creating interim java.base.jmod
Creating interim java.logging.jmod
Creating jdk.jshell.jmod
Creating jdk.jstatd.jmod
Creating jdk.jpackage.jmod
Creating jdk.localedata.jmod
Creating jdk.management.jmod
Creating jdk.management.agent.jmod
Creating jdk.management.jfr.jmod
Creating jdk.naming.dns.jmod
Creating jdk.naming.rmi.jmod
Creating jdk.net.jmod
Creating jdk.sctp.jmod
Creating jdk.nio.mapmode.jmod
Creating jdk.security.auth.jmod
Creating jdk.security.jgss.jmod
Creating jdk.unsupported.jmod
Creating jdk.unsupported.desktop.jmod
Creating jdk.xml.dom.jmod
Creating jdk.zipfs.jmod
Creating jdk.graal.compiler.jmod
Creating jdk.graal.compiler.management.jmod
Creating support/demos/image/jfc/CodePointIM/CodePointIM.jar
Creating interim jimage
Creating support/demos/image/jfc/FileChooserDemo/FileChooserDemo.jar
Creating support/demos/image/jfc/SwingSet2/SwingSet2.jar
Creating support/demos/image/jfc/Font2DTest/Font2DTest.jar
Creating support/demos/image/jfc/J2Ddemo/J2Ddemo.jar
Creating support/demos/image/jfc/Metalworks/Metalworks.jar
Creating support/demos/image/jfc/Notepad/Notepad.jar
Creating support/demos/image/jfc/Stylepad/Stylepad.jar
Creating support/demos/image/jfc/SampleTree/SampleTree.jar
Creating support/demos/image/jfc/TableExample/TableExample.jar
Creating support/demos/image/jfc/TransparentRuler/TransparentRuler.jar
Creating support/classlist.jar
Creating jdk.jlink.jmod
Creating java.base.jmod
Creating jdk image
Creating CDS archive for jdk image for server
Creating CDS-NOCOOPS archive for jdk image for server
Creating CDS-COH archive for jdk image for server
Creating CDS-NOCOOPS-COH archive for jdk image for server
Finished building target 'images' in configuration 'linux-x86_64-server-release'
