This file contains any messages produced by compilers while
running configure, to aid debugging if configure makes a mistake.

It was created by OpenJDK configure openjdk, which was
generated by GNU Autoconf 2.71.  Invocation command line was

  $ /home/ph/jdks/jdk/configure --enable-option-checking=fatal --with-boot-jdk=../support/jdk-25.0.1/ --with-native-debug-symbols=none --with-version-opt=lleap --with-vendor-version-string=lleap

## --------- ##
## Platform. ##
## --------- ##

hostname = vmd96110.contaboserver.net
uname -m = x86_64
uname -r = 5.15.0-25-generic
uname -s = Linux
uname -v = #25-Ubuntu SMP Wed Mar 30 15:54:22 UTC 2022

/usr/bin/uname -p = x86_64
/bin/uname -X     = unknown

/bin/arch              = x86_64
/usr/bin/arch -k       = unknown
/usr/convex/getsysinfo = unknown
/usr/bin/hostinfo      = unknown
/bin/machine           = unknown
/usr/bin/oslevel       = unknown
/bin/universe          = unknown

PATH: /home/ph/jdks/jdk-24.0.2/bin/
PATH: /usr/local/sbin/
PATH: /usr/local/bin/
PATH: /usr/sbin/
PATH: /usr/bin/
PATH: /sbin/
PATH: /bin/
PATH: /usr/games/
PATH: /usr/local/games/
PATH: /snap/bin/
PATH: /snap/bin/


## ----------- ##
## Core tests. ##
## ----------- ##

configure:3587: looking for aux files: config.guess config.sub
configure:3600:  trying /home/ph/jdks/jdk/make/autoconf/build-aux/
configure:3629:   /home/ph/jdks/jdk/make/autoconf/build-aux/config.guess found
configure:3629:   /home/ph/jdks/jdk/make/autoconf/build-aux/config.sub found
configure:6516: Configuration created at Mon Nov 17 15:14:01 CET 2025.
configure:6525: checking for basename
configure:6548: found /usr/bin/basename
configure:6560: result: /usr/bin/basename
configure:6580: checking for dirname
configure:6603: found /usr/bin/dirname
configure:6615: result: /usr/bin/dirname
configure:6635: checking for file
configure:6658: found /usr/bin/file
configure:6670: result: /usr/bin/file
configure:6690: checking for ldd
configure:6713: found /usr/bin/ldd
configure:6725: result: /usr/bin/ldd
configure:6755: checking for echo
configure:6763: result: echo [builtin]
configure:7644: checking for tr
configure:7888: result: /usr/bin/tr
configure:8533: checking for uname
configure:8777: result: /usr/bin/uname
configure:9422: checking for wc
configure:9666: result: /usr/bin/wc
configure:10303: checking for grep that handles long lines and -e
configure:10367: result: /usr/bin/grep
configure:10794: checking for egrep
configure:10862: result: /usr/bin/grep -E
configure:11293: checking for a sed that does not truncate output
configure:11363: result: /usr/bin/sed
configure:11807: checking for locale
configure:12051: result: /usr/bin/locale
configure:12689: checking for cygpath
configure:12940: result: [not found]
configure:12689: checking for wslpath
configure:12940: result: [not found]
configure:13571: checking for cmd.exe
configure:13822: result: [not found]
configure:14453: checking for lsb_release
configure:14697: result: /usr/bin/lsb_release
configure:15330: checking build system type
configure:15345: result: x86_64-pc-linux-gnu
configure:15365: checking host system type
configure:15379: result: x86_64-pc-linux-gnu
configure:15399: checking target system type
configure:15413: result: x86_64-pc-linux-gnu
configure:15724: checking openjdk-build os-cpu
configure:15726: result: linux-x86_64
configure:15730: checking openjdk-build C library
configure:15732: result: gnu
configure:16004: checking openjdk-target os-cpu
configure:16006: result: linux-x86_64
configure:16010: checking openjdk-target C library
configure:16012: result: gnu
configure:16064: checking compilation type
configure:16066: result: native
configure:16810: checking for top-level directory
configure:16812: result: /home/ph/jdks/jdk
configure:17294: checking for bash
configure:17538: result: /usr/bin/bash
configure:17902: checking for cat
configure:18146: result: /usr/bin/cat
configure:18791: checking for chmod
configure:19035: result: /usr/bin/chmod
configure:19680: checking for cp
configure:19924: result: /usr/bin/cp
configure:20569: checking for cut
configure:20813: result: /usr/bin/cut
configure:21458: checking for date
configure:21702: result: /usr/bin/date
configure:22347: checking for gdiff
configure:22598: result: [not found]
configure:22347: checking for diff
configure:22591: result: /usr/bin/diff
configure:23236: checking for expr
configure:23480: result: /usr/bin/expr
configure:24125: checking for find
configure:24369: result: /usr/bin/find
configure:25014: checking for gunzip
configure:25258: result: /usr/bin/gunzip
configure:25903: checking for pigz
configure:26147: result: /usr/bin/pigz
configure:26792: checking for head
configure:27036: result: /usr/bin/head
configure:27681: checking for ln
configure:27925: result: /usr/bin/ln
configure:28570: checking for ls
configure:28814: result: /usr/bin/ls
configure:29460: checking for gmkdir
configure:29711: result: [not found]
configure:29460: checking for mkdir
configure:29704: result: /usr/bin/mkdir
configure:30349: checking for mktemp
configure:30593: result: /usr/bin/mktemp
configure:31238: checking for mv
configure:31482: result: /usr/bin/mv
configure:32127: checking for gawk
configure:32378: result: [not found]
configure:32127: checking for nawk
configure:32371: result: /usr/bin/nawk
configure:33016: checking for printf
configure:33024: result: printf [builtin]
configure:33905: checking for rm
configure:34149: result: /usr/bin/rm
configure:34794: checking for rmdir
configure:35038: result: /usr/bin/rmdir
configure:35683: checking for sh
configure:35927: result: /usr/bin/sh
configure:36572: checking for sort
configure:36816: result: /usr/bin/sort
configure:37461: checking for tail
configure:37705: result: /usr/bin/tail
configure:38350: checking for gtar
configure:38601: result: [not found]
configure:38350: checking for tar
configure:38594: result: /usr/bin/tar
configure:39239: checking for tee
configure:39483: result: /usr/bin/tee
configure:40128: checking for touch
configure:40372: result: /usr/bin/touch
configure:41017: checking for xargs
configure:41261: result: /usr/bin/xargs
configure:41898: checking for fgrep
configure:41966: result: /usr/bin/grep -F
configure:42408: checking for cmake
configure:42652: result: /usr/bin/cmake
configure:43290: checking for df
configure:43534: result: /usr/bin/df
configure:44172: checking for git
configure:44416: result: /usr/bin/git
configure:45054: checking for nice
configure:45298: result: /usr/bin/nice
configure:45936: checking for greadlink
configure:46187: result: [not found]
configure:45936: checking for readlink
configure:46180: result: /usr/bin/readlink
configure:46818: checking for whoami
configure:47062: result: /usr/bin/whoami
configure:47702: checking for cmp
configure:47946: result: /usr/bin/cmp
configure:48584: checking for uniq
configure:48828: result: /usr/bin/uniq
configure:49745: checking for build environment type
configure:49825: result: dev, default (calculated from 'auto')
configure:49929: checking for locale to use
configure:49935: result: C.UTF-8 (recommended)
configure:50169: checking if custom source is suppressed (openjdk-only)
configure:50207: result: disabled, default
configure:50454: checking for --enable-debug
configure:50492: result: disabled, default
configure:50539: checking which debug level to use
configure:50553: result: release
configure:50612: checking which variants of the JVM to build
configure:50617: result: server
configure:50675: checking if absolute paths should be allowed in the build output
configure:50686: result: no, release build
configure:50986: checking for toolchain path
configure:50988: result: 
configure:54718: checking for sysroot
configure:54720: result: 
configure:54724: checking for extra path
configure:54726: result: 
configure:54753: checking where to store configuration
configure:54762: result: in default location
configure:54829: checking what configuration name to use
configure:54831: result: linux-x86_64-server-release
configure:54979: checking for zypper
configure:55230: result: [not found]
configure:54979: checking for apt-get
configure:55223: result: /usr/bin/apt-get
configure:55865: checking for pandoc
configure:56116: result: [not found]
configure:56803: checking for gmake
configure:57047: result: /usr/bin/gmake
configure:58569: Testing potential make at /usr/bin/gmake, found using gmake in PATH
configure:65564: Using GNU make at /usr/bin/gmake (version: GNU Make 4.3)
configure:65861: checking if make --output-sync is supported
configure:65868: result: yes
configure:65874: checking for make --output-sync value
configure:65952: result: none, default
configure:66061: checking if find supports -delete
configure:66082: result: yes
configure:66101: checking what type of tar was found
configure:66103: result: gnu
configure:66128: checking that grep (/usr/bin/grep) -Fx handles empty lines in the pattern list correctly
configure:66139: result: yes
configure:66169: checking for unzip
configure:66413: result: /usr/bin/unzip
configure:67060: checking for zip
configure:67304: result: /usr/bin/zip
configure:67951: checking for greadelf
configure:68202: result: [not found]
configure:67951: checking for readelf
configure:68195: result: /usr/bin/readelf
configure:68833: checking for dot
configure:69084: result: [not found]
configure:69715: checking for stat
configure:69959: result: /usr/bin/stat
configure:70597: checking for time
configure:70605: result: time [builtin]
configure:71479: checking for flock
configure:71723: result: /usr/bin/flock
configure:72363: checking for dtrace
configure:72614: result: [not found]
configure:73245: checking for gpatch
configure:73496: result: [not found]
configure:73245: checking for patch
configure:73489: result: /usr/bin/patch
configure:74121: checking if date is a GNU compatible version
configure:74125: result: yes
configure:78607: checking for ulimit
configure:78615: result: ulimit [builtin]
configure:79485: checking bash version
configure:79487: result: 5.1.16
configure:79497: checking if bash supports pipefail
configure:79501: result: yes
configure:79508: checking if bash supports errexit (-e)
configure:79512: result: yes
configure:79577: checking for pkg-config
configure:79600: found /usr/bin/pkg-config
configure:79612: result: /usr/bin/pkg-config
configure:79637: checking pkg-config is at least version 0.9.0
configure:79640: result: yes
configure:79693: checking for default LOG value
configure:79702: result: 
configure:79995: checking for JMOD compression type
configure:80073: result: zip-6, default
configure:80383: checking whether or not a JDK suitable for linking from the run-time image should be produced
configure:80421: result: disabled, default
configure:80683: checking if packaged modules are kept
configure:80715: result: enabled, default
configure:81037: checking for --with-extra-jlink-flags
configure:81098: result: <disabled>, default
configure:81497: checking for --with-build-user
configure:81575: result: ph, default
configure:81931: checking for --with-jdk-rc-name
configure:82009: result: OpenJDK Platform, default
configure:82374: checking for --with-vendor-name
configure:82452: result: N/A, default
configure:82810: checking for --with-jdk-rc-company-name
configure:82888: result: N/A, default
configure:83247: checking for --with-vendor-url
configure:83325: result: https://openjdk.org/, default
configure:83690: checking for --with-vendor-bug-url
configure:83768: result: https://bugreport.java.com/bugreport/, default
configure:84133: checking for --with-vendor-vm-bug-url
configure:84211: result: https://bugreport.java.com/bugreport/crash.jsp, default
configure:84571: checking for --with-version-string
configure:84646: result: <none>, default
configure:85171: checking for --with-version-feature
configure:85249: result: 26, default
configure:85949: checking for --with-version-date
configure:86027: result: 2026-03-17, default
configure:86386: checking for --with-vendor-version-string
configure:86464: result: lleap, from command line
configure:86820: checking for --with-macosx-bundle-name-base
configure:86898: result: OpenJDK, default
configure:87261: checking for --with-macosx-bundle-id-base
configure:87339: result: net.java.openjdk-internal, default
configure:87707: checking for --with-macosx-bundle-build-version
configure:87785: result: 0, default
configure:87877: checking for version string
configure:87879: result: 26-internal-lleap
configure:88044: Found potential Boot JDK using configure arguments
configure:88391: checking for Boot JDK
configure:88393: result: /home/ph/jdks/support/jdk-25.0.1
configure:88395: checking Boot JDK version
configure:88400: result: openjdk version "25.0.1" 2025-10-21 OpenJDK Runtime Environment (build 25.0.1+8-27) OpenJDK 64-Bit Server VM (build 25.0.1+8-27, mixed mode, sharing)
configure:98894: checking for java [Boot JDK]
configure:98904: result: $BOOT_JDK/bin/java
configure:99700: checking for javac [Boot JDK]
configure:99710: result: $BOOT_JDK/bin/javac
configure:100506: checking for javadoc [Boot JDK]
configure:100516: result: $BOOT_JDK/bin/javadoc
configure:101312: checking for jar [Boot JDK]
configure:101322: result: $BOOT_JDK/bin/jar
configure:102117: checking if Boot JDK jar supports --date=TIMESTAMP
configure:102119: result: true
configure:102135: checking if Boot JDK is 32 or 64 bits
configure:102137: result: 64
configure:102339: checking for docs-reference JDK
configure:102560: result: no, using interim javadoc for the docs-reference targets
configure:102591: checking what source date to use
configure:102605: result: 1763388843, from 'current' (default)
configure:102898: checking if we should build headless-only (no GUI)
configure:102936: result: disabled, default
configure:103192: checking if linker should clean out unused code (linktime-gc)
configure:103230: result: disabled, default
configure:103280: checking for graphviz dot
configure:103286: result: no, cannot generate full docs or man pages
configure:103291: checking for pandoc
configure:103297: result: no, cannot generate full docs or man pages
configure:103504: checking for --enable-full-docs
configure:103542: result: disabled, from default 'auto'
configure:103598: checking for cacerts file
configure:103601: result: default
configure:103624: checking for cacerts source
configure:103627: result: default
configure:103831: checking for --enable-unlimited-crypto
configure:103863: result: enabled, default
configure:103976: checking for jni library path
configure:103979: result: default
configure:104251: Using default toolchain gcc (GNU Compiler Collection)
configure:107104: checking for gcc
configure:107348: result: /usr/bin/gcc
configure:108905: checking resolved symbolic links for CC
configure:108956: result: /usr/bin/x86_64-linux-gnu-gcc-11
configure:109062: Using gcc C compiler version 11.4.0 [gcc (Ubuntu 11.4.0-1ubuntu1~22.04) 11.4.0]
configure:109198: checking for C compiler version
configure:109207: /usr/bin/gcc --version >&5
gcc (Ubuntu 11.4.0-1ubuntu1~22.04) 11.4.0
Copyright (C) 2021 Free Software Foundation, Inc.
This is free software; see the source for copying conditions.  There is NO
warranty; not even for MERCHANTABILITY or FITNESS FOR A PARTICULAR PURPOSE.

configure:109218: $? = 0
configure:109207: /usr/bin/gcc -v >&5
Using built-in specs.
COLLECT_GCC=/usr/bin/gcc
COLLECT_LTO_WRAPPER=/usr/lib/gcc/x86_64-linux-gnu/11/lto-wrapper
OFFLOAD_TARGET_NAMES=nvptx-none:amdgcn-amdhsa
OFFLOAD_TARGET_DEFAULT=1
Target: x86_64-linux-gnu
Configured with: ../src/configure -v --with-pkgversion='Ubuntu 11.4.0-1ubuntu1~22.04' --with-bugurl=file:///usr/share/doc/gcc-11/README.Bugs --enable-languages=c,ada,c++,go,brig,d,fortran,objc,obj-c++,m2 --prefix=/usr --with-gcc-major-version-only --program-suffix=-11 --program-prefix=x86_64-linux-gnu- --enable-shared --enable-linker-build-id --libexecdir=/usr/lib --without-included-gettext --enable-threads=posix --libdir=/usr/lib --enable-nls --enable-bootstrap --enable-clocale=gnu --enable-libstdcxx-debug --enable-libstdcxx-time=yes --with-default-libstdcxx-abi=new --enable-gnu-unique-object --disable-vtable-verify --enable-plugin --enable-default-pie --with-system-zlib --enable-libphobos-checking=release --with-target-system-zlib=auto --enable-objc-gc=auto --enable-multiarch --disable-werror --enable-cet --with-arch-32=i686 --with-abi=m64 --with-multilib-list=m32,m64,mx32 --enable-multilib --with-tune=generic --enable-offload-targets=nvptx-none=/build/gcc-11-XeT9lY/gcc-11-11.4.0/debian/tmp-nvptx/usr,amdgcn-amdhsa=/build/gcc-11-XeT9lY/gcc-11-11.4.0/debian/tmp-gcn/usr --without-cuda-driver --enable-checking=release --build=x86_64-linux-gnu --host=x86_64-linux-gnu --target=x86_64-linux-gnu --with-build-config=bootstrap-lto-lean --enable-link-serialization=2
Thread model: posix
Supported LTO compression algorithms: zlib zstd
gcc version 11.4.0 (Ubuntu 11.4.0-1ubuntu1~22.04) 
... rest of stderr output deleted ...
configure:109218: $? = 0
configure:109207: /usr/bin/gcc -V >&5
gcc: error: unrecognized command-line option ‘-V’
gcc: fatal error: no input files
compilation terminated.
configure:109218: $? = 1
configure:109207: /usr/bin/gcc -qversion >&5
gcc: error: unrecognized command-line option ‘-qversion’; did you mean ‘--version’?
gcc: fatal error: no input files
compilation terminated.
configure:109218: $? = 1
configure:109207: /usr/bin/gcc -version >&5
gcc: error: unrecognized command-line option ‘-version’
gcc: fatal error: no input files
compilation terminated.
configure:109218: $? = 1
configure:109238: checking whether the C compiler works
configure:109260: /usr/bin/gcc -m64    -m64   conftest.c  >&5
configure:109264: $? = 0
configure:109314: result: yes
configure:109317: checking for C compiler default output file name
configure:109319: result: a.out
configure:109325: checking for suffix of executables
configure:109332: /usr/bin/gcc -o conftest -m64    -m64   conftest.c  >&5
configure:109336: $? = 0
configure:109359: result: 
configure:109381: checking whether we are cross compiling
configure:109389: /usr/bin/gcc -o conftest -m64    -m64   conftest.c  >&5
configure:109393: $? = 0
configure:109400: ./conftest
configure:109404: $? = 0
configure:109419: result: no
configure:109425: checking for suffix of object files
configure:109448: /usr/bin/gcc -c -m64    conftest.c >&5
configure:109452: $? = 0
configure:109474: result: o
configure:109482: checking whether /usr/bin/gcc accepts -g
configure:109503: /usr/bin/gcc -c -g  conftest.c >&5
configure:109503: $? = 0
configure:109547: result: yes
configure:110506: checking for g++
configure:110750: result: /usr/bin/g++
configure:112307: checking resolved symbolic links for CXX
configure:112358: result: /usr/bin/x86_64-linux-gnu-g++-11
configure:112464: Using gcc C++ compiler version 11.4.0 [g++ (Ubuntu 11.4.0-1ubuntu1~22.04) 11.4.0]
configure:112595: checking for C++ compiler version
configure:112604: /usr/bin/g++ --version >&5
g++ (Ubuntu 11.4.0-1ubuntu1~22.04) 11.4.0
Copyright (C) 2021 Free Software Foundation, Inc.
This is free software; see the source for copying conditions.  There is NO
warranty; not even for MERCHANTABILITY or FITNESS FOR A PARTICULAR PURPOSE.

configure:112615: $? = 0
configure:112604: /usr/bin/g++ -v >&5
Using built-in specs.
COLLECT_GCC=/usr/bin/g++
COLLECT_LTO_WRAPPER=/usr/lib/gcc/x86_64-linux-gnu/11/lto-wrapper
OFFLOAD_TARGET_NAMES=nvptx-none:amdgcn-amdhsa
OFFLOAD_TARGET_DEFAULT=1
Target: x86_64-linux-gnu
Configured with: ../src/configure -v --with-pkgversion='Ubuntu 11.4.0-1ubuntu1~22.04' --with-bugurl=file:///usr/share/doc/gcc-11/README.Bugs --enable-languages=c,ada,c++,go,brig,d,fortran,objc,obj-c++,m2 --prefix=/usr --with-gcc-major-version-only --program-suffix=-11 --program-prefix=x86_64-linux-gnu- --enable-shared --enable-linker-build-id --libexecdir=/usr/lib --without-included-gettext --enable-threads=posix --libdir=/usr/lib --enable-nls --enable-bootstrap --enable-clocale=gnu --enable-libstdcxx-debug --enable-libstdcxx-time=yes --with-default-libstdcxx-abi=new --enable-gnu-unique-object --disable-vtable-verify --enable-plugin --enable-default-pie --with-system-zlib --enable-libphobos-checking=release --with-target-system-zlib=auto --enable-objc-gc=auto --enable-multiarch --disable-werror --enable-cet --with-arch-32=i686 --with-abi=m64 --with-multilib-list=m32,m64,mx32 --enable-multilib --with-tune=generic --enable-offload-targets=nvptx-none=/build/gcc-11-XeT9lY/gcc-11-11.4.0/debian/tmp-nvptx/usr,amdgcn-amdhsa=/build/gcc-11-XeT9lY/gcc-11-11.4.0/debian/tmp-gcn/usr --without-cuda-driver --enable-checking=release --build=x86_64-linux-gnu --host=x86_64-linux-gnu --target=x86_64-linux-gnu --with-build-config=bootstrap-lto-lean --enable-link-serialization=2
Thread model: posix
Supported LTO compression algorithms: zlib zstd
gcc version 11.4.0 (Ubuntu 11.4.0-1ubuntu1~22.04) 
... rest of stderr output deleted ...
configure:112615: $? = 0
configure:112604: /usr/bin/g++ -V >&5
g++: error: unrecognized command-line option ‘-V’
g++: fatal error: no input files
compilation terminated.
configure:112615: $? = 1
configure:112604: /usr/bin/g++ -qversion >&5
g++: error: unrecognized command-line option ‘-qversion’; did you mean ‘--version’?
g++: fatal error: no input files
compilation terminated.
configure:112615: $? = 1
configure:112624: checking whether /usr/bin/g++ accepts -g
configure:112645: /usr/bin/g++ -c -g  conftest.cpp >&5
configure:112645: $? = 0
configure:112689: result: yes
configure:112848: checking how to run the C preprocessor
configure:112874: /usr/bin/gcc -E  conftest.c
configure:112874: $? = 0
configure:112889: /usr/bin/gcc -E  conftest.c
conftest.c:9:10: fatal error: ac_nonexistent.h: No such file or directory
    9 | #include <ac_nonexistent.h>
      |          ^~~~~~~~~~~~~~~~~~
compilation terminated.
configure:112889: $? = 1
configure: failed program was:
| /* confdefs.h */
| #define PACKAGE_NAME "OpenJDK"
| #define PACKAGE_TARNAME "openjdk"
| #define PACKAGE_VERSION "openjdk"
| #define PACKAGE_STRING "OpenJDK openjdk"
| #define PACKAGE_BUGREPORT "build-dev@openjdk.org"
| #define PACKAGE_URL "https://openjdk.org"
| /* end confdefs.h.  */
| #include <ac_nonexistent.h>
configure:112916: result: /usr/bin/gcc -E
configure:112930: /usr/bin/gcc -E  conftest.c
configure:112930: $? = 0
configure:112945: /usr/bin/gcc -E  conftest.c
conftest.c:9:10: fatal error: ac_nonexistent.h: No such file or directory
    9 | #include <ac_nonexistent.h>
      |          ^~~~~~~~~~~~~~~~~~
compilation terminated.
configure:112945: $? = 1
configure: failed program was:
| /* confdefs.h */
| #define PACKAGE_NAME "OpenJDK"
| #define PACKAGE_TARNAME "openjdk"
| #define PACKAGE_VERSION "openjdk"
| #define PACKAGE_STRING "OpenJDK openjdk"
| #define PACKAGE_BUGREPORT "build-dev@openjdk.org"
| #define PACKAGE_URL "https://openjdk.org"
| /* end confdefs.h.  */
| #include <ac_nonexistent.h>
configure:113190: checking how to run the C++ preprocessor
configure:113212: /usr/bin/g++ -E  conftest.cpp
configure:113212: $? = 0
configure:113227: /usr/bin/g++ -E  conftest.cpp
conftest.cpp:9:10: fatal error: ac_nonexistent.h: No such file or directory
    9 | #include <ac_nonexistent.h>
      |          ^~~~~~~~~~~~~~~~~~
compilation terminated.
configure:113227: $? = 1
configure: failed program was:
| /* confdefs.h */
| #define PACKAGE_NAME "OpenJDK"
| #define PACKAGE_TARNAME "openjdk"
| #define PACKAGE_VERSION "openjdk"
| #define PACKAGE_STRING "OpenJDK openjdk"
| #define PACKAGE_BUGREPORT "build-dev@openjdk.org"
| #define PACKAGE_URL "https://openjdk.org"
| /* end confdefs.h.  */
| #include <ac_nonexistent.h>
configure:113254: result: /usr/bin/g++ -E
configure:113268: /usr/bin/g++ -E  conftest.cpp
configure:113268: $? = 0
configure:113283: /usr/bin/g++ -E  conftest.cpp
conftest.cpp:9:10: fatal error: ac_nonexistent.h: No such file or directory
    9 | #include <ac_nonexistent.h>
      |          ^~~~~~~~~~~~~~~~~~
compilation terminated.
configure:113283: $? = 1
configure: failed program was:
| /* confdefs.h */
| #define PACKAGE_NAME "OpenJDK"
| #define PACKAGE_TARNAME "openjdk"
| #define PACKAGE_VERSION "openjdk"
| #define PACKAGE_STRING "OpenJDK openjdk"
| #define PACKAGE_BUGREPORT "build-dev@openjdk.org"
| #define PACKAGE_URL "https://openjdk.org"
| /* end confdefs.h.  */
| #include <ac_nonexistent.h>
configure:115384: Using gcc linker version 2.38 [GNU ld (GNU Binutils for Ubuntu) 2.38]
configure:115402: comparing linker version to minimum version 2.25
configure:122620: checking for ar
configure:122864: result: /usr/bin/ar
configure:137719: checking for strip
configure:137963: result: /usr/bin/strip
configure:139490: checking for nm
configure:139734: result: /usr/bin/nm
configure:143037: checking for gobjcopy
configure:143288: result: [not found]
configure:143037: checking for objcopy
configure:143281: result: /usr/bin/objcopy
configure:144809: checking for gobjdump
configure:145060: result: [not found]
configure:144809: checking for objdump
configure:145053: result: /usr/bin/objdump
configure:148362: checking for c++filt
configure:148606: result: /usr/bin/c++filt
configure:166669: checking for jtreg
configure:166920: result: [not found]
configure:167549: checking for jtreg test harness
configure:167555: result: no, not found
configure:167649: checking for jtreg jdk
configure:167743: result: no, using BOOT_JDK
configure:167860: checking for jmh (Java Microbenchmark Harness)
configure:167863: result: no, disabled
configure:168002: checking for jib
configure:168004: result: no
configure:168042: checking for tidy
configure:168293: result: [not found]
configure:168944: checking for stdio.h
configure:168944: /usr/bin/gcc -c -m64    conftest.c >&5
configure:168944: $? = 0
configure:168944: result: yes
configure:168944: checking for stdlib.h
configure:168944: /usr/bin/gcc -c -m64    conftest.c >&5
configure:168944: $? = 0
configure:168944: result: yes
configure:168944: checking for string.h
configure:168944: /usr/bin/gcc -c -m64    conftest.c >&5
configure:168944: $? = 0
configure:168944: result: yes
configure:168944: checking for inttypes.h
configure:168944: /usr/bin/gcc -c -m64    conftest.c >&5
configure:168944: $? = 0
configure:168944: result: yes
configure:168944: checking for stdint.h
configure:168944: /usr/bin/gcc -c -m64    conftest.c >&5
configure:168944: $? = 0
configure:168944: result: yes
configure:168944: checking for strings.h
configure:168944: /usr/bin/gcc -c -m64    conftest.c >&5
configure:168944: $? = 0
configure:168944: result: yes
configure:168944: checking for sys/stat.h
configure:168944: /usr/bin/gcc -c -m64    conftest.c >&5
configure:168944: $? = 0
configure:168944: result: yes
configure:168944: checking for sys/types.h
configure:168944: /usr/bin/gcc -c -m64    conftest.c >&5
configure:168944: $? = 0
configure:168944: result: yes
configure:168944: checking for unistd.h
configure:168944: /usr/bin/gcc -c -m64    conftest.c >&5
configure:168944: $? = 0
configure:168944: result: yes
configure:168980: checking for stdio.h
configure:168980: result: yes
configure:169044: checking size of int *
configure:169050: /usr/bin/gcc -o conftest -m64    -m64   conftest.c  >&5
configure:169050: $? = 0
configure:169050: ./conftest
configure:169050: $? = 0
configure:169065: result: 8
configure:169134: checking for target address size
configure:169136: result: 64 bits
configure:169144: checking whether byte ordering is bigendian
configure:169160: /usr/bin/gcc -c -m64    conftest.c >&5
conftest.c:22:16: error: unknown type name ‘not’
   22 |                not a universal capable compiler
      |                ^~~
conftest.c:22:22: error: expected ‘=’, ‘,’, ‘;’, ‘asm’ or ‘__attribute__’ before ‘universal’
   22 |                not a universal capable compiler
      |                      ^~~~~~~~~
conftest.c:22:22: error: unknown type name ‘universal’
configure:169160: $? = 1
configure: failed program was:
| /* confdefs.h */
| #define PACKAGE_NAME "OpenJDK"
| #define PACKAGE_TARNAME "openjdk"
| #define PACKAGE_VERSION "openjdk"
| #define PACKAGE_STRING "OpenJDK openjdk"
| #define PACKAGE_BUGREPORT "build-dev@openjdk.org"
| #define PACKAGE_URL "https://openjdk.org"
| #define HAVE_STDIO_H 1
| #define HAVE_STDLIB_H 1
| #define HAVE_STRING_H 1
| #define HAVE_INTTYPES_H 1
| #define HAVE_STDINT_H 1
| #define HAVE_STRINGS_H 1
| #define HAVE_SYS_STAT_H 1
| #define HAVE_SYS_TYPES_H 1
| #define HAVE_UNISTD_H 1
| #define STDC_HEADERS 1
| #define HAVE_STDIO_H 1
| #define SIZEOF_INT_P 8
| /* end confdefs.h.  */
| #ifndef __APPLE_CC__
| 	       not a universal capable compiler
| 	     #endif
| 	     typedef int dummy;
| 
configure:169206: /usr/bin/gcc -c -m64    conftest.c >&5
configure:169206: $? = 0
configure:169225: /usr/bin/gcc -c -m64    conftest.c >&5
conftest.c: In function ‘main’:
conftest.c:28:18: error: unknown type name ‘not’; did you mean ‘ino_t’?
   28 |                  not big endian
      |                  ^~~
      |                  ino_t
conftest.c:28:26: error: expected ‘=’, ‘,’, ‘;’, ‘asm’ or ‘__attribute__’ before ‘endian’
   28 |                  not big endian
      |                          ^~~~~~
configure:169225: $? = 1
configure: failed program was:
| /* confdefs.h */
| #define PACKAGE_NAME "OpenJDK"
| #define PACKAGE_TARNAME "openjdk"
| #define PACKAGE_VERSION "openjdk"
| #define PACKAGE_STRING "OpenJDK openjdk"
| #define PACKAGE_BUGREPORT "build-dev@openjdk.org"
| #define PACKAGE_URL "https://openjdk.org"
| #define HAVE_STDIO_H 1
| #define HAVE_STDLIB_H 1
| #define HAVE_STRING_H 1
| #define HAVE_INTTYPES_H 1
| #define HAVE_STDINT_H 1
| #define HAVE_STRINGS_H 1
| #define HAVE_SYS_STAT_H 1
| #define HAVE_SYS_TYPES_H 1
| #define HAVE_UNISTD_H 1
| #define STDC_HEADERS 1
| #define HAVE_STDIO_H 1
| #define SIZEOF_INT_P 8
| /* end confdefs.h.  */
| #include <sys/types.h>
| 		#include <sys/param.h>
| 
| int
| main (void)
| {
| #if BYTE_ORDER != BIG_ENDIAN
| 		 not big endian
| 		#endif
| 
|   ;
|   return 0;
| }
configure:169359: result: no
configure:169930: checking for --enable-branch-protection
configure:169968: result: disabled, default
configure:170342: checking if CC supports "-fdebug-prefix-map=/home/ph/jdks/jdk/="
configure:170360: /usr/bin/gcc -c -m64    -fdebug-prefix-map=/home/ph/jdks/jdk/=  conftest.c >&5
configure:170360: $? = 0
configure:170376: result: yes
configure:170469: checking if CXX supports "-fdebug-prefix-map=/home/ph/jdks/jdk/="
configure:170487: /usr/bin/g++ -c   -fdebug-prefix-map=/home/ph/jdks/jdk/=  conftest.cpp >&5
configure:170487: $? = 0
configure:170503: result: yes
configure:170527: checking if both CC and CXX support "-fdebug-prefix-map=/home/ph/jdks/jdk/="
configure:170534: result: yes
configure:171496: checking for --enable-warnings-as-errors
configure:171528: result: enabled, default
configure:172351: checking if TARGET is x86
configure:172370: result: no
configure:173272: checking if CC supports "-fmacro-prefix-map=/home/ph/jdks/jdk/="
configure:173290: /usr/bin/gcc -c -m64   -Werror -fmacro-prefix-map=/home/ph/jdks/jdk/=  conftest.c >&5
configure:173290: $? = 0
configure:173306: result: yes
configure:173399: checking if CXX supports "-fmacro-prefix-map=/home/ph/jdks/jdk/="
configure:173417: /usr/bin/g++ -c  -Werror -fmacro-prefix-map=/home/ph/jdks/jdk/=  conftest.cpp >&5
configure:173417: $? = 0
configure:173433: result: yes
configure:173457: checking if both CC and CXX support "-fmacro-prefix-map=/home/ph/jdks/jdk/="
configure:173464: result: yes
configure:173860: checking how to prevent absolute paths in output
configure:173863: result: using compiler options
configure:174097: checking if CC supports "-ffp-contract=off"
configure:174115: /usr/bin/gcc -c -m64   -Werror -ffp-contract=off  conftest.c >&5
configure:174115: $? = 0
configure:174131: result: yes
configure:174224: checking if CXX supports "-ffp-contract=off"
configure:174242: /usr/bin/g++ -c  -Werror -ffp-contract=off  conftest.cpp >&5
configure:174242: $? = 0
configure:174258: result: yes
configure:174282: checking if both CC and CXX support "-ffp-contract=off"
configure:174289: result: yes
configure:174363: checking if BUILD is x86
configure:174382: result: no
configure:175284: checking if BUILD_CC supports "-fmacro-prefix-map=/home/ph/jdks/jdk/="
configure:175302: /usr/bin/gcc -c  -Werror -fmacro-prefix-map=/home/ph/jdks/jdk/=  conftest.c >&5
configure:175302: $? = 0
configure:175318: result: yes
configure:175411: checking if BUILD_CXX supports "-fmacro-prefix-map=/home/ph/jdks/jdk/="
configure:175429: /usr/bin/g++ -c  -Werror -fmacro-prefix-map=/home/ph/jdks/jdk/=  conftest.cpp >&5
configure:175429: $? = 0
configure:175445: result: yes
configure:175469: checking if both BUILD_CC and BUILD_CXX support "-fmacro-prefix-map=/home/ph/jdks/jdk/="
configure:175476: result: yes
configure:175872: checking how to prevent absolute paths in output
configure:175875: result: using compiler options
configure:176109: checking if BUILD_CC supports "-ffp-contract=off"
configure:176127: /usr/bin/gcc -c  -Werror -ffp-contract=off  conftest.c >&5
configure:176127: $? = 0
configure:176143: result: yes
configure:176236: checking if BUILD_CXX supports "-ffp-contract=off"
configure:176254: /usr/bin/g++ -c  -Werror -ffp-contract=off  conftest.cpp >&5
configure:176254: $? = 0
configure:176270: result: yes
configure:176294: checking if both BUILD_CC and BUILD_CXX support "-ffp-contract=off"
configure:176301: result: yes
configure:178459: checking how to run strip
GNU strip (GNU Binutils for Ubuntu) 2.38
Copyright (C) 2022 Free Software Foundation, Inc.
This program is free software; you may redistribute it under the terms of
the GNU General Public License version 3 or (at your option) any later version.
This program has absolutely no warranty.
configure:178483: result: --strip-debug
configure:178755: checking for --enable-aarch64-sve
configure:178793: result: disabled, from default 'auto'
configure:179258: checking what type of native debug symbols to use
configure:179277: result: none
configure:179323: checking if we should add external native debug symbols to the shipped bundles
configure:179334: result: no
configure:179556: checking if native coverage is available
configure:179560: result: yes
configure:179570: checking for --enable-native-coverage
configure:179608: result: disabled, default
configure:180134: checking for --with-jcov-modules
configure:180195: result: <disabled>, default
configure:180501: checking if AddressSanitizer (asan) is available
configure:180506: result: yes
configure:180516: checking for --enable-asan
configure:180554: result: disabled, default
configure:180905: checking for --with-additional-ubsan-checks
configure:180966: result: <disabled>, default
configure:181286: checking if UndefinedBehaviorSanitizer (ubsan) is available
configure:181290: result: yes
configure:181300: checking for --enable-ubsan
configure:181338: result: disabled, default
configure:181604: checking if LeakSanitizer (lsan) is available
configure:181608: result: yes
configure:181618: checking for --enable-lsan
configure:181656: result: disabled, default
configure:181918: checking if static analyzer is available
configure:181921: result: yes
configure:181931: checking for --enable-static-analyzer
configure:181969: result: disabled, default
configure:182226: checking if fallback linker enabled
configure:182264: result: disabled, default
configure:182388: checking if static link of stdc++ is possible
configure:182410: /usr/bin/g++ -o conftest -m64    -m64   conftest.cpp -static-libstdc++ -static-libgcc >&5
configure:182410: $? = 0
configure:182425: result: yes
configure:182434: checking how to link with libstdc++
configure:182446: result: static
configure:184110: checking for ALSA
configure:184117: $PKG_CONFIG --exists --print-errors "alsa"
configure:184120: $? = 0
configure:184133: $PKG_CONFIG --exists --print-errors "alsa"
configure:184136: $? = 0
configure:184171: result: yes
configure:184271: checking for which libjpeg to use
configure:184279: result: bundled
configure:184447: checking for which giflib to use
configure:184455: result: bundled
configure:184558: checking for PNG
configure:184565: $PKG_CONFIG --exists --print-errors "libpng"
configure:184568: $? = 0
configure:184581: $PKG_CONFIG --exists --print-errors "libpng"
configure:184584: $? = 0
configure:184619: result: yes
configure:184623: checking for which libpng to use
configure:184637: result: bundled
configure:184667: checking for compress in -lz
configure:184690: /usr/bin/gcc -o conftest -m64    -m64   conftest.c -lz   >&5
configure:184690: $? = 0
configure:184700: result: yes
configure:184710: checking for which zlib to use
configure:184738: result: system
configure:184744: checking for system zlib functionality
configure:184761: /usr/bin/gcc -c -m64    conftest.c >&5
configure:184761: $? = 0
configure:184763: result: ok
configure:184808: checking for which lcms to use
configure:184821: result: bundled
configure:184916: checking for which harfbuzz to use
configure:184929: result: bundled
configure:185139: checking for cups/cups.h
configure:185139: /usr/bin/gcc -c -m64    conftest.c >&5
configure:185139: $? = 0
configure:185139: result: yes
configure:185139: checking for cups/ppd.h
configure:185139: /usr/bin/gcc -c -m64    conftest.c >&5
configure:185139: $? = 0
configure:185139: result: yes
configure:185258: checking for fontconfig/fontconfig.h
configure:185258: /usr/bin/gcc -c -m64    conftest.c >&5
configure:185258: $? = 0
configure:185258: result: yes
configure:185460: checking for FREETYPE
configure:185467: $PKG_CONFIG --exists --print-errors "freetype2"
configure:185470: $? = 0
configure:185483: $PKG_CONFIG --exists --print-errors "freetype2"
configure:185486: $? = 0
configure:185521: result: yes
configure:185526: checking for freetype
configure:185528: result: yes (using pkg-config)
configure:186018: result: Using freetype: system
configure:186223: checking for --enable-hsdis-bundling
configure:186261: result: disabled, default
configure:186308: checking what hsdis backend to use
configure:186315: result: 'none', hsdis will not be built
configure:188959: checking if hsdis should be bundled
configure:188974: result: no
configure:189169: checking for --enable-libffi-bundling
configure:189207: result: disabled, default
configure:189657: checking for cos in -lm
configure:189680: /usr/bin/gcc -o conftest -m64    -m64   conftest.c -lm   >&5
conftest.c:28:6: warning: conflicting types for built-in function ‘cos’; expected ‘double(double)’ [-Wbuiltin-declaration-mismatch]
   28 | char cos ();
      |      ^~~
conftest.c:1:1: note: ‘cos’ is declared in header ‘<math.h>’
    1 | /* confdefs.h */
configure:189680: $? = 0
configure:189690: result: yes
configure:189714: checking for dlopen in -ldl
configure:189737: /usr/bin/gcc -o conftest -m64    -m64   conftest.c -ldl   >&5
configure:189737: $? = 0
configure:189747: result: yes
configure:189842: checking for X
configure:189880: /usr/bin/gcc -o conftest -m64    -m64   conftest.c -lX11 -lm  >&5
configure:189880: $? = 0
configure:190067: result: libraries , headers 
configure:190165: /usr/bin/gcc -o conftest -m64    -m64   conftest.c -lm   -lX11 >&5
configure:190165: $? = 0
configure:190264: checking for gethostbyname
configure:190264: /usr/bin/gcc -o conftest -m64    -m64   conftest.c -lm  >&5
configure:190264: $? = 0
configure:190264: result: yes
configure:190362: checking for connect
configure:190362: /usr/bin/gcc -o conftest -m64    -m64   conftest.c -lm  >&5
configure:190362: $? = 0
configure:190362: result: yes
configure:190412: checking for remove
configure:190412: /usr/bin/gcc -o conftest -m64    -m64   conftest.c -lm  >&5
configure:190412: $? = 0
configure:190412: result: yes
configure:190462: checking for shmat
configure:190462: /usr/bin/gcc -o conftest -m64    -m64   conftest.c -lm  >&5
configure:190462: $? = 0
configure:190462: result: yes
configure:190521: checking for IceConnectionNumber in -lICE
configure:190544: /usr/bin/gcc -o conftest -m64    -m64   conftest.c -lICE  -lm  >&5
configure:190544: $? = 0
configure:190554: result: yes
configure:190651: checking for X11/extensions/shape.h
configure:190651: /usr/bin/gcc -c -m64      conftest.c >&5
configure:190651: $? = 0
configure:190651: result: yes
configure:190651: checking for X11/extensions/Xrender.h
configure:190651: /usr/bin/gcc -c -m64      conftest.c >&5
configure:190651: $? = 0
configure:190651: result: yes
configure:190651: checking for X11/extensions/XTest.h
configure:190651: /usr/bin/gcc -c -m64      conftest.c >&5
configure:190651: $? = 0
configure:190651: result: yes
configure:190651: checking for X11/Intrinsic.h
configure:190651: /usr/bin/gcc -c -m64      conftest.c >&5
configure:190651: $? = 0
configure:190651: result: yes
configure:190651: checking for X11/extensions/Xrandr.h
configure:190651: /usr/bin/gcc -c -m64      conftest.c >&5
configure:190651: $? = 0
configure:190651: result: yes
configure:191585: checking for JVM features enabled by the user
configure:191591: result: none
configure:191600: checking for JVM features disabled by the user
configure:191606: result: none
configure:191621: checking if platform is supported by CDS
configure:191628: result: yes
configure:191633: checking if JVM feature 'cds' is available
configure:191636: result: yes
configure:191652: checking for dtrace tool and platform support
configure:191666: result: no
configure:191673: checking for sys/sdt.h
configure:191673: /usr/bin/gcc -c -m64    conftest.c >&5
conftest.c:59:10: fatal error: sys/sdt.h: No such file or directory
   59 | #include <sys/sdt.h>
      |          ^~~~~~~~~~~
compilation terminated.
configure:191673: $? = 1
configure: failed program was:
| /* confdefs.h */
| #define PACKAGE_NAME "OpenJDK"
| #define PACKAGE_TARNAME "openjdk"
| #define PACKAGE_VERSION "openjdk"
| #define PACKAGE_STRING "OpenJDK openjdk"
| #define PACKAGE_BUGREPORT "build-dev@openjdk.org"
| #define PACKAGE_URL "https://openjdk.org"
| #define HAVE_STDIO_H 1
| #define HAVE_STDLIB_H 1
| #define HAVE_STRING_H 1
| #define HAVE_INTTYPES_H 1
| #define HAVE_STDINT_H 1
| #define HAVE_STRINGS_H 1
| #define HAVE_SYS_STAT_H 1
| #define HAVE_SYS_TYPES_H 1
| #define HAVE_UNISTD_H 1
| #define STDC_HEADERS 1
| #define HAVE_STDIO_H 1
| #define SIZEOF_INT_P 8
| #define HAVE_CUPS_CUPS_H 1
| #define HAVE_CUPS_PPD_H 1
| #define HAVE_FONTCONFIG_FONTCONFIG_H 1
| #define HAVE_LIBM 1
| #define HAVE_LIBDL 1
| #define HAVE_X11_EXTENSIONS_SHAPE_H 1
| #define HAVE_X11_EXTENSIONS_XRENDER_H 1
| #define HAVE_X11_EXTENSIONS_XTEST_H 1
| #define HAVE_X11_INTRINSIC_H 1
| #define HAVE_X11_EXTENSIONS_XRANDR_H 1
| /* end confdefs.h.  */
| #include <stddef.h>
| #ifdef HAVE_STDIO_H
| # include <stdio.h>
| #endif
| #ifdef HAVE_STDLIB_H
| # include <stdlib.h>
| #endif
| #ifdef HAVE_STRING_H
| # include <string.h>
| #endif
| #ifdef HAVE_INTTYPES_H
| # include <inttypes.h>
| #endif
| #ifdef HAVE_STDINT_H
| # include <stdint.h>
| #endif
| #ifdef HAVE_STRINGS_H
| # include <strings.h>
| #endif
| #ifdef HAVE_SYS_TYPES_H
| # include <sys/types.h>
| #endif
| #ifdef HAVE_SYS_STAT_H
| # include <sys/stat.h>
| #endif
| #ifdef HAVE_UNISTD_H
| # include <unistd.h>
| #endif
| #include <sys/sdt.h>
configure:191673: result: no
configure:191720: Cannot enable dtrace with missing dependencies. See above.
configure:191726: checking if JVM feature 'dtrace' is available
configure:191732: result: no
configure:191745: checking if platform is supported by JVMCI
configure:191748: result: yes
configure:191763: checking if JVM feature 'jvmci' is available
configure:191766: result: yes
configure:191782: checking if platform is supported by Shenandoah
configure:191788: result: yes
configure:191797: checking if JVM feature 'shenandoahgc' is available
configure:191800: result: yes
configure:191816: checking if platform is supported by ZGC
configure:191822: result: yes
configure:191889: checking if JVM feature 'zgc' is available
configure:191892: result: yes
configure:192151: checking JVM features to use for variant 'server'
configure:192153: result: 'cds compiler1 compiler2 epsilongc g1gc jfr jni-check jvmci jvmti management parallelgc serialgc services shenandoahgc vm-structs zgc'
configure:192193: checking what hotspot build time to use
configure:192208: result: 2025-11-17T14:14:03Z (from --with-source-date)
configure:192441: checking if the jtreg failure handler is available
configure:192448: result: no (jtreg not present)
configure:192454: checking if the jtreg failure handler should be built
configure:192492: result: disabled, default
configure:192746: checking if the jtreg test thread factory is available
configure:192753: result: no (jtreg not present)
configure:192759: checking if the jtreg test thread factory should be built
configure:192797: result: disabled, from default 'auto'
configure:193057: checking if the CDS classlist generation should be enabled
configure:193089: result: enabled, from default 'auto'
configure:193153: checking if any translations should be excluded
configure:193160: result: no
configure:193372: checking if CDS archive is available
configure:193383: result: yes
configure:193389: checking if a default CDS archive should be generated
configure:193421: result: enabled, from default 'auto'
configure:193681: checking if CDS archive with compact object headers is available
configure:193697: result: yes
configure:193704: checking if default CDS archives for compact object headers should be generated
configure:193736: result: enabled, from default 'auto'
configure:193996: checking if CDS archive is available
configure:194004: result: yes
configure:194010: checking if compatible cds region alignment enabled
configure:194048: result: disabled, default
configure:195397: checking for --with-signing-hook
configure:195458: result: <disabled>, default
configure:195557: checking for signing hook
configure:195773: result: none
configure:195968: checking for --enable-java-warnings-as-errors
configure:196000: result: enabled, default
configure:196074: checking for number of cores
configure:196100: result: 8
configure:196121: checking for memory size
configure:196150: result: 30090 MB
configure:196176: checking for appropriate number of jobs to run in parallel
configure:196189: result: 8
configure:196408: checking whether to use javac server
configure:196440: result: enabled, default
configure:196502: checking flags for boot jdk java command 
Check if jvm arg is ok: -Duser.language=en -Duser.country=US
Command: /home/ph/jdks/support/jdk-25.0.1/bin/java -Duser.language=en -Duser.country=US -version
Check if jvm arg is ok: -Xlog:all=off:stdout
Command: /home/ph/jdks/support/jdk-25.0.1/bin/java -Xlog:all=off:stdout -version
Check if jvm arg is ok: -Xlog:all=warning:stderr
Command: /home/ph/jdks/support/jdk-25.0.1/bin/java -Xlog:all=warning:stderr -version
Check if jvm arg is ok: 
Command: /home/ph/jdks/support/jdk-25.0.1/bin/java  -version
configure:196570: result:  -Duser.language=en -Duser.country=US -Xlog:all=off:stdout -Xlog:all=warning:stderr 
configure:196577: checking flags for boot jdk java command for big workloads
Check if jvm arg is ok: -Xms64M
Command: /home/ph/jdks/support/jdk-25.0.1/bin/java -Xms64M -version
Check if jvm arg is ok: -Xmx2048M
Command: /home/ph/jdks/support/jdk-25.0.1/bin/java -Xmx2048M -version
configure:196635: result:  -Xms64M -Xmx2048M
configure:196647: checking flags for bootcycle boot jdk java command for big workloads
configure:196649: result: -Xms64M -Xmx2048M
configure:196653: checking flags for boot jdk java command for small workloads
Check if jvm arg is ok: -XX:+UseSerialGC
Command: /home/ph/jdks/support/jdk-25.0.1/bin/java -XX:+UseSerialGC -version
Check if jvm arg is ok: -Xms32M
Command: /home/ph/jdks/support/jdk-25.0.1/bin/java -Xms32M -version
Check if jvm arg is ok: -Xmx512M
Command: /home/ph/jdks/support/jdk-25.0.1/bin/java -Xmx512M -version
Check if jvm arg is ok: -XX:TieredStopAtLevel=1
Command: /home/ph/jdks/support/jdk-25.0.1/bin/java -XX:TieredStopAtLevel=1 -version
configure:196718: result:  -XX:+UseSerialGC -Xms32M -Xmx512M -XX:TieredStopAtLevel=1
configure:196927: checking for --enable-icecc
configure:196965: result: disabled, default
configure:199790: checking if precompiled headers are available
configure:199805: result: yes
configure:200009: checking for --enable-precompiled-headers
configure:200041: result: enabled, from default 'auto'
configure:200119: checking for ccache
configure:200370: result: [not found]
configure:201872: checking if ccache is available
configure:201879: result: no, ccache binary missing or not executable
configure:202095: checking if ccache is enabled
configure:202133: result: disabled, default
configure:202290: checking if build directory is on local disk
configure:202321: result: yes
configure:202501: creating /home/ph/jdks/jdk/build/linux-x86_64-server-release/configure-support/config.status

## ---------------------- ##
## Running config.status. ##
## ---------------------- ##

This file was extended by OpenJDK config.status openjdk, which was
generated by GNU Autoconf 2.71.  Invocation command line was

  CONFIG_FILES    = 
  CONFIG_HEADERS  = 
  CONFIG_LINKS    = 
  CONFIG_COMMANDS = 
  $ /home/ph/jdks/jdk/build/linux-x86_64-server-release/configure-support/config.status 

on vmd96110.contaboserver.net

config.status:1267: creating /home/ph/jdks/jdk/build/linux-x86_64-server-release/spec.gmk
config.status:1267: creating /home/ph/jdks/jdk/build/linux-x86_64-server-release/bootcycle-spec.gmk
config.status:1267: creating /home/ph/jdks/jdk/build/linux-x86_64-server-release/buildjdk-spec.gmk
config.status:1267: creating /home/ph/jdks/jdk/build/linux-x86_64-server-release/compare.sh
config.status:1267: creating /home/ph/jdks/jdk/build/linux-x86_64-server-release/Makefile

## ---------------- ##
## Cache variables. ##
## ---------------- ##

ac_cv_build=x86_64-pc-linux-gnu
ac_cv_c_bigendian=no
ac_cv_env_ALSA_CFLAGS_set=
ac_cv_env_ALSA_CFLAGS_value=
ac_cv_env_ALSA_LIBS_set=
ac_cv_env_ALSA_LIBS_value=
ac_cv_env_AR_set=
ac_cv_env_AR_value=
ac_cv_env_AS_set=
ac_cv_env_AS_value=
ac_cv_env_AWK_set=
ac_cv_env_AWK_value=
ac_cv_env_BASH_set=set
ac_cv_env_BASH_value=/usr/bin/bash
ac_cv_env_BUILD_AR_set=
ac_cv_env_BUILD_AR_value=
ac_cv_env_BUILD_AS_set=
ac_cv_env_BUILD_AS_value=
ac_cv_env_BUILD_CC_set=
ac_cv_env_BUILD_CC_value=
ac_cv_env_BUILD_CXX_set=
ac_cv_env_BUILD_CXX_value=
ac_cv_env_BUILD_LD_set=
ac_cv_env_BUILD_LD_value=
ac_cv_env_BUILD_NM_set=
ac_cv_env_BUILD_NM_value=
ac_cv_env_BUILD_OBJCOPY_set=
ac_cv_env_BUILD_OBJCOPY_value=
ac_cv_env_BUILD_STRIP_set=
ac_cv_env_BUILD_STRIP_value=
ac_cv_env_CAPSTONE_CFLAGS_set=
ac_cv_env_CAPSTONE_CFLAGS_value=
ac_cv_env_CAPSTONE_LIBS_set=
ac_cv_env_CAPSTONE_LIBS_value=
ac_cv_env_CAT_set=
ac_cv_env_CAT_value=
ac_cv_env_CCACHE_set=
ac_cv_env_CCACHE_value=
ac_cv_env_CC_set=
ac_cv_env_CC_value=
ac_cv_env_CFLAGS_set=
ac_cv_env_CFLAGS_value=
ac_cv_env_CHECK_GMAKE_set=
ac_cv_env_CHECK_GMAKE_value=
ac_cv_env_CHECK_MAKE_set=
ac_cv_env_CHECK_MAKE_value=
ac_cv_env_CHMOD_set=
ac_cv_env_CHMOD_value=
ac_cv_env_CMAKE_set=
ac_cv_env_CMAKE_value=
ac_cv_env_CMD_set=
ac_cv_env_CMD_value=
ac_cv_env_CMP_set=
ac_cv_env_CMP_value=
ac_cv_env_CODESIGN_set=
ac_cv_env_CODESIGN_value=
ac_cv_env_CPPFLAGS_set=
ac_cv_env_CPPFLAGS_value=
ac_cv_env_CPP_set=
ac_cv_env_CPP_value=
ac_cv_env_CP_set=
ac_cv_env_CP_value=
ac_cv_env_CUT_set=
ac_cv_env_CUT_value=
ac_cv_env_CXXCPP_set=
ac_cv_env_CXXCPP_value=
ac_cv_env_CXXFILT_set=
ac_cv_env_CXXFILT_value=
ac_cv_env_CXXFLAGS_set=
ac_cv_env_CXXFLAGS_value=
ac_cv_env_CXX_set=
ac_cv_env_CXX_value=
ac_cv_env_DATE_set=
ac_cv_env_DATE_value=
ac_cv_env_DF_set=
ac_cv_env_DF_value=
ac_cv_env_DIFF_set=
ac_cv_env_DIFF_value=
ac_cv_env_DOT_set=
ac_cv_env_DOT_value=
ac_cv_env_DSYMUTIL_set=
ac_cv_env_DSYMUTIL_value=
ac_cv_env_DTRACE_set=
ac_cv_env_DTRACE_value=
ac_cv_env_DUMPBIN_set=
ac_cv_env_DUMPBIN_value=
ac_cv_env_ECHO_set=
ac_cv_env_ECHO_value=
ac_cv_env_EGREP_set=
ac_cv_env_EGREP_value=
ac_cv_env_EXPR_set=
ac_cv_env_EXPR_value=
ac_cv_env_FGREP_set=
ac_cv_env_FGREP_value=
ac_cv_env_FIND_set=
ac_cv_env_FIND_value=
ac_cv_env_FLOCK_set=
ac_cv_env_FLOCK_value=
ac_cv_env_FREETYPE_CFLAGS_set=
ac_cv_env_FREETYPE_CFLAGS_value=
ac_cv_env_FREETYPE_LIBS_set=
ac_cv_env_FREETYPE_LIBS_value=
ac_cv_env_GIT_set=
ac_cv_env_GIT_value=
ac_cv_env_GREP_set=
ac_cv_env_GREP_value=
ac_cv_env_GUNZIP_set=
ac_cv_env_GUNZIP_value=
ac_cv_env_GZIP_set=
ac_cv_env_GZIP_value=
ac_cv_env_HARFBUZZ_CFLAGS_set=
ac_cv_env_HARFBUZZ_CFLAGS_value=
ac_cv_env_HARFBUZZ_LIBS_set=
ac_cv_env_HARFBUZZ_LIBS_value=
ac_cv_env_HEAD_set=
ac_cv_env_HEAD_value=
ac_cv_env_ICECC_CMD_set=
ac_cv_env_ICECC_CMD_value=
ac_cv_env_ICECC_CREATE_ENV_set=
ac_cv_env_ICECC_CREATE_ENV_value=
ac_cv_env_ICECC_WRAPPER_set=
ac_cv_env_ICECC_WRAPPER_value=
ac_cv_env_INSTALL_NAME_TOOL_set=
ac_cv_env_INSTALL_NAME_TOOL_value=
ac_cv_env_JAR_set=
ac_cv_env_JAR_value=
ac_cv_env_JAVAC_CHECK_set=
ac_cv_env_JAVAC_CHECK_value=
ac_cv_env_JAVAC_set=
ac_cv_env_JAVAC_value=
ac_cv_env_JAVADOC_set=
ac_cv_env_JAVADOC_value=
ac_cv_env_JAVA_CHECK_set=
ac_cv_env_JAVA_CHECK_value=
ac_cv_env_JAVA_set=
ac_cv_env_JAVA_value=
ac_cv_env_JTREGEXE_set=
ac_cv_env_JTREGEXE_value=
ac_cv_env_LCMS_CFLAGS_set=
ac_cv_env_LCMS_CFLAGS_value=
ac_cv_env_LCMS_LIBS_set=
ac_cv_env_LCMS_LIBS_value=
ac_cv_env_LDFLAGS_set=
ac_cv_env_LDFLAGS_value=
ac_cv_env_LD_set=
ac_cv_env_LD_value=
ac_cv_env_LIBFFI_CFLAGS_set=
ac_cv_env_LIBFFI_CFLAGS_value=
ac_cv_env_LIBFFI_LIBS_set=
ac_cv_env_LIBFFI_LIBS_value=
ac_cv_env_LIBJPEG_CFLAGS_set=
ac_cv_env_LIBJPEG_CFLAGS_value=
ac_cv_env_LIBJPEG_LIBS_set=
ac_cv_env_LIBJPEG_LIBS_value=
ac_cv_env_LIBS_set=
ac_cv_env_LIBS_value=
ac_cv_env_LIB_set=
ac_cv_env_LIB_value=
ac_cv_env_LIPO_set=
ac_cv_env_LIPO_value=
ac_cv_env_LLD_set=
ac_cv_env_LLD_value=
ac_cv_env_LLVM_CONFIG_set=
ac_cv_env_LLVM_CONFIG_value=
ac_cv_env_LN_set=
ac_cv_env_LN_value=
ac_cv_env_LOCALE_set=
ac_cv_env_LOCALE_value=
ac_cv_env_LSB_RELEASE_set=
ac_cv_env_LSB_RELEASE_value=
ac_cv_env_LS_set=
ac_cv_env_LS_value=
ac_cv_env_MAKE_set=
ac_cv_env_MAKE_value=
ac_cv_env_METALLIB_set=
ac_cv_env_METALLIB_value=
ac_cv_env_METAL_set=
ac_cv_env_METAL_value=
ac_cv_env_MIG_set=
ac_cv_env_MIG_value=
ac_cv_env_MKDIR_set=
ac_cv_env_MKDIR_value=
ac_cv_env_MKTEMP_set=
ac_cv_env_MKTEMP_value=
ac_cv_env_MT_set=
ac_cv_env_MT_value=
ac_cv_env_MV_set=
ac_cv_env_MV_value=
ac_cv_env_NICE_set=
ac_cv_env_NICE_value=
ac_cv_env_NM_set=
ac_cv_env_NM_value=
ac_cv_env_OBJCOPY_set=
ac_cv_env_OBJCOPY_value=
ac_cv_env_OBJDUMP_set=
ac_cv_env_OBJDUMP_value=
ac_cv_env_OTOOL_set=
ac_cv_env_OTOOL_value=
ac_cv_env_PANDOC_set=
ac_cv_env_PANDOC_value=
ac_cv_env_PATCH_set=
ac_cv_env_PATCH_value=
ac_cv_env_PATHTOOL_set=
ac_cv_env_PATHTOOL_value=
ac_cv_env_PKGHANDLER_set=
ac_cv_env_PKGHANDLER_value=
ac_cv_env_PKG_CONFIG_set=
ac_cv_env_PKG_CONFIG_value=
ac_cv_env_PNG_CFLAGS_set=
ac_cv_env_PNG_CFLAGS_value=
ac_cv_env_PNG_LIBS_set=
ac_cv_env_PNG_LIBS_value=
ac_cv_env_POTENTIAL_CC_set=
ac_cv_env_POTENTIAL_CC_value=
ac_cv_env_POTENTIAL_CXX_set=
ac_cv_env_POTENTIAL_CXX_value=
ac_cv_env_PRINTF_set=
ac_cv_env_PRINTF_value=
ac_cv_env_RC_set=
ac_cv_env_RC_value=
ac_cv_env_READELF_set=
ac_cv_env_READELF_value=
ac_cv_env_READLINK_set=
ac_cv_env_READLINK_value=
ac_cv_env_RMDIR_set=
ac_cv_env_RMDIR_value=
ac_cv_env_RM_set=
ac_cv_env_RM_value=
ac_cv_env_SED_set=
ac_cv_env_SED_value=
ac_cv_env_SETFILE_set=
ac_cv_env_SETFILE_value=
ac_cv_env_SH_set=
ac_cv_env_SH_value=
ac_cv_env_SORT_set=
ac_cv_env_SORT_value=
ac_cv_env_STAT_set=
ac_cv_env_STAT_value=
ac_cv_env_STRIP_set=
ac_cv_env_STRIP_value=
ac_cv_env_TAIL_set=
ac_cv_env_TAIL_value=
ac_cv_env_TAR_set=
ac_cv_env_TAR_value=
ac_cv_env_TEE_set=
ac_cv_env_TEE_value=
ac_cv_env_TIDY_set=
ac_cv_env_TIDY_value=
ac_cv_env_TIME_set=
ac_cv_env_TIME_value=
ac_cv_env_TOUCH_set=
ac_cv_env_TOUCH_value=
ac_cv_env_TR_set=
ac_cv_env_TR_value=
ac_cv_env_ULIMIT_set=
ac_cv_env_ULIMIT_value=
ac_cv_env_UNAME_set=
ac_cv_env_UNAME_value=
ac_cv_env_UNIQ_set=
ac_cv_env_UNIQ_value=
ac_cv_env_UNZIP_set=
ac_cv_env_UNZIP_value=
ac_cv_env_WC_set=
ac_cv_env_WC_value=
ac_cv_env_WHOAMI_set=
ac_cv_env_WHOAMI_value=
ac_cv_env_XARGS_set=
ac_cv_env_XARGS_value=
ac_cv_env_XATTR_set=
ac_cv_env_XATTR_value=
ac_cv_env_XCODEBUILD_set=
ac_cv_env_XCODEBUILD_value=
ac_cv_env_XCRUN_set=
ac_cv_env_XCRUN_value=
ac_cv_env_XMKMF_set=
ac_cv_env_XMKMF_value=
ac_cv_env_ZIPEXE_set=
ac_cv_env_ZIPEXE_value=
ac_cv_env_build_alias_set=
ac_cv_env_build_alias_value=
ac_cv_env_host_alias_set=
ac_cv_env_host_alias_value=
ac_cv_env_target_alias_set=
ac_cv_env_target_alias_value=
ac_cv_func_connect=yes
ac_cv_func_gethostbyname=yes
ac_cv_func_remove=yes
ac_cv_func_shmat=yes
ac_cv_have_x='have_x=yes	ac_x_includes='\'''\''	ac_x_libraries='\'''\'''
ac_cv_header_X11_Intrinsic_h=yes
ac_cv_header_X11_extensions_XTest_h=yes
ac_cv_header_X11_extensions_Xrandr_h=yes
ac_cv_header_X11_extensions_Xrender_h=yes
ac_cv_header_X11_extensions_shape_h=yes
ac_cv_header_cups_cups_h=yes
ac_cv_header_cups_ppd_h=yes
ac_cv_header_fontconfig_fontconfig_h=yes
ac_cv_header_inttypes_h=yes
ac_cv_header_stdint_h=yes
ac_cv_header_stdio_h=yes
ac_cv_header_stdlib_h=yes
ac_cv_header_string_h=yes
ac_cv_header_strings_h=yes
ac_cv_header_sys_sdt_h=no
ac_cv_header_sys_stat_h=yes
ac_cv_header_sys_types_h=yes
ac_cv_header_unistd_h=yes
ac_cv_host=x86_64-pc-linux-gnu
ac_cv_lib_ICE_IceConnectionNumber=yes
ac_cv_lib_dl_dlopen=yes
ac_cv_lib_m_cos=yes
ac_cv_lib_z_compress=yes
ac_cv_objext=o
ac_cv_path_BASENAME=/usr/bin/basename
ac_cv_path_DIRNAME=/usr/bin/dirname
ac_cv_path_EGREP='/usr/bin/grep -E'
ac_cv_path_FGREP='/usr/bin/grep -F'
ac_cv_path_FILE=/usr/bin/file
ac_cv_path_GREP=/usr/bin/grep
ac_cv_path_LDD=/usr/bin/ldd
ac_cv_path_SED=/usr/bin/sed
ac_cv_path_ac_pt_PKG_CONFIG=/usr/bin/pkg-config
ac_cv_prog_CPP='/usr/bin/gcc -E'
ac_cv_prog_CXXCPP='/usr/bin/g++ -E'
ac_cv_prog_cc_g=yes
ac_cv_prog_cxx_g=yes
ac_cv_sizeof_int_p=8
ac_cv_target=x86_64-pc-linux-gnu
pkg_cv_ALSA_CFLAGS=
pkg_cv_ALSA_LIBS=-lasound
pkg_cv_FREETYPE_CFLAGS='-I/usr/include/freetype2 -I/usr/include/libpng16'
pkg_cv_FREETYPE_LIBS=-lfreetype
pkg_cv_PNG_CFLAGS=-I/usr/include/libpng16
pkg_cv_PNG_LIBS='-lpng16 -lz'

## ----------------- ##
## Output variables. ##
## ----------------- ##

ADLC_LANGSTD_CXXFLAGS='-std=c++17'
ADLC_LDFLAGS=' -static-libstdc++ -static-libgcc'
ALLOW_ABSOLUTE_PATHS_IN_OUTPUT='false'
ALSA_CFLAGS=''
ALSA_LIBS='-lasound'
AR='/usr/bin/ar'
ARFLAGS=''
AS='/usr/bin/gcc -c'
ASAN_ENABLED='false'
ASFLAGS_DEBUG_SYMBOLS='-g -fdebug-prefix-map=/home/ph/jdks/jdk/= -fdebug-prefix-map=/usr/include/=/usr/include/           -fdebug-prefix-map=/usr/lib/gcc/x86_64-linux-gnu/11/include/=/usr/local/gcc_include/           -fdebug-prefix-map=/usr/include/c++/11/=/usr/local/gxx_include/ -fdebug-prefix-map=/home/ph/jdks/jdk/build/linux-x86_64-server-release/='
AS_NON_ASM_EXTENSION_OPTION=''
AUTOCONF=''
AWK='/usr/bin/nawk'
BASENAME='/usr/bin/basename'
BASH='/usr/bin/bash'
BASH_ARGS=' -o pipefail -e'
BASIC_ASFLAGS='-x assembler-with-cpp'
BOOTCYCLE_JVM_ARGS_BIG='-Xms64M -Xmx2048M'
BOOT_JDK='/home/ph/jdks/support/jdk-25.0.1'
BOOT_JDK_JAR_SUPPORTS_DATE='true'
BUILD_AR='/usr/bin/ar'
BUILD_AS='/usr/bin/gcc -c'
BUILD_CC='/usr/bin/gcc'
BUILD_CC_DISABLE_WARNING_PREFIX='-Wno-'
BUILD_CDS_ARCHIVE='true'
BUILD_CDS_ARCHIVE_COH='true'
BUILD_CXX='/usr/bin/g++'
BUILD_ENV='dev'
BUILD_FAILURE_HANDLER='false'
BUILD_ICECC=''
BUILD_JAVA_FLAGS_SMALL='-Xms32M -Xmx512M -XX:TieredStopAtLevel=1'
BUILD_JTREG_TEST_THREAD_FACTORY='false'
BUILD_LD='/usr/bin/gcc'
BUILD_LDCXX='/usr/bin/g++'
BUILD_NM='/usr/bin/nm'
BUILD_OBJCOPY='/usr/bin/objcopy'
BUILD_STRIP='/usr/bin/strip'
BUILD_SYSROOT_CFLAGS=''
BUILD_SYSROOT_LDFLAGS=''
CACERTS_FILE=''
CACERTS_SRC=''
CAPSTONE_ARCH_AARCH64_NAME=''
CAPSTONE_CFLAGS=''
CAPSTONE_LIBS=''
CAT='/usr/bin/cat'
CC='/usr/bin/gcc'
CCACHE=''
CC_VERSION_NUMBER='11.4.0'
CFLAGS='-m64  '
CFLAGS_CCACHE=''
CFLAGS_DEBUG_SYMBOLS='-g -gdwarf-4 -fdebug-prefix-map=/home/ph/jdks/jdk/= -fdebug-prefix-map=/usr/include/=/usr/include/           -fdebug-prefix-map=/usr/lib/gcc/x86_64-linux-gnu/11/include/=/usr/local/gcc_include/           -fdebug-prefix-map=/usr/include/c++/11/=/usr/local/gxx_include/ -fdebug-prefix-map=/home/ph/jdks/jdk/build/linux-x86_64-server-release/='
CFLAGS_JDKEXE=' -fvisibility=hidden -pipe -fstack-protector -finput-charset=utf-8        -DLIBC=gnu -D_GNU_SOURCE -D_REENTRANT -D_FILE_OFFSET_BITS=64 -DLINUX -DNDEBUG                 -fmacro-prefix-map=/home/ph/jdks/jdk/=   -std=c11 -fno-strict-aliasing        -Wall -Wextra -Wformat=2 -Winvalid-pch -Wpointer-arith -Wreturn-type           -Wsign-compare -Wtrampolines -Wtype-limits -Wundef -Wuninitialized           -Wunused-const-variable=1 -Wunused-function -Wunused-result           -Wunused-value -m64  -D_LITTLE_ENDIAN -DARCH='\''"amd64"'\''       -Damd64 -D_LP64=1   -fno-omit-frame-pointer -fno-lifetime-dse -fPIE'
CFLAGS_JDKLIB=' -fvisibility=hidden -pipe -fstack-protector -finput-charset=utf-8        -DLIBC=gnu -D_GNU_SOURCE -D_REENTRANT -D_FILE_OFFSET_BITS=64 -DLINUX -DNDEBUG                 -fmacro-prefix-map=/home/ph/jdks/jdk/=   -std=c11 -fno-strict-aliasing        -Wall -Wextra -Wformat=2 -Winvalid-pch -Wpointer-arith -Wreturn-type           -Wsign-compare -Wtrampolines -Wtype-limits -Wundef -Wuninitialized           -Wunused-const-variable=1 -Wunused-function -Wunused-result           -Wunused-value -m64  -D_LITTLE_ENDIAN -DARCH='\''"amd64"'\''       -Damd64 -D_LP64=1   -fno-omit-frame-pointer -fno-lifetime-dse       -fPIC '
CFLAGS_WARNINGS_ARE_ERRORS='-Werror'
CHECK_GMAKE='/usr/bin/gmake'
CHECK_MAKE=''
CHMOD='/usr/bin/chmod'
CLASSPATH=''
CMAKE='/usr/bin/cmake'
CMD=''
CMP='/usr/bin/cmp'
CODESIGN=''
COMPANY_NAME='N/A'
COMPILE_TYPE='native'
COMPILE_WITH_DEBUG_SYMBOLS='false'
COMPRESS_JARS='false'
CONFIGURESUPPORT_OUTPUTDIR='/home/ph/jdks/jdk/build/linux-x86_64-server-release/configure-support'
CONFIGURE_COMMAND_LINE='--with-boot-jdk=../support/jdk-25.0.1/ --with-native-debug-symbols=none --with-version-opt=lleap --with-vendor-version-string=lleap'
CONFIGURE_START_DIR='/home/ph/jdks/jdk'
CONF_NAME='linux-x86_64-server-release'
COPYRIGHT_YEAR='2025'
COPY_DEBUG_SYMBOLS='false'
CP='/usr/bin/cp'
CPP='/usr/bin/gcc -E'
CPPFLAGS=''
CUPS_CFLAGS=''
CUT='/usr/bin/cut'
CXX='/usr/bin/g++'
CXXCPP='/usr/bin/g++ -E'
CXXFILT='/usr/bin/c++filt'
CXXFLAGS='-m64  '
CXXFLAGS_JDKEXE=' -fvisibility=hidden -pipe -fstack-protector -finput-charset=utf-8        -DLIBC=gnu -D_GNU_SOURCE -D_REENTRANT -D_FILE_OFFSET_BITS=64 -DLINUX -DNDEBUG                 -fmacro-prefix-map=/home/ph/jdks/jdk/=           -std=c++17              -Wall -Wextra -Wformat=2 -Winvalid-pch -Wpointer-arith -Wreturn-type           -Wsign-compare -Wtrampolines -Wtype-limits -Wundef -Wuninitialized           -Wunused-const-variable=1 -Wunused-function -Wunused-result           -Wunused-value -Woverloaded-virtual -Wreorder -m64  -D_LITTLE_ENDIAN -DARCH='\''"amd64"'\''       -Damd64 -D_LP64=1   -fno-omit-frame-pointer -fno-lifetime-dse -fPIE'
CXXFLAGS_JDKLIB=' -fvisibility=hidden -pipe -fstack-protector -finput-charset=utf-8        -DLIBC=gnu -D_GNU_SOURCE -D_REENTRANT -D_FILE_OFFSET_BITS=64 -DLINUX -DNDEBUG                 -fmacro-prefix-map=/home/ph/jdks/jdk/=           -std=c++17              -Wall -Wextra -Wformat=2 -Winvalid-pch -Wpointer-arith -Wreturn-type           -Wsign-compare -Wtrampolines -Wtype-limits -Wundef -Wuninitialized           -Wunused-const-variable=1 -Wunused-function -Wunused-result           -Wunused-value -Woverloaded-virtual -Wreorder -m64  -D_LITTLE_ENDIAN -DARCH='\''"amd64"'\''       -Damd64 -D_LP64=1   -fno-omit-frame-pointer -fno-lifetime-dse       -fPIC '
CXX_O_FLAG_HI='-O3'
CXX_O_FLAG_HIGHEST='-O3'
CXX_O_FLAG_HIGHEST_JVM='-O3'
CXX_O_FLAG_NONE='-O0'
CXX_O_FLAG_NORM='-O2'
CXX_O_FLAG_SIZE='-Os'
CXX_VERSION_NUMBER='11.4.0'
C_O_FLAG_HI='-O3'
C_O_FLAG_HIGHEST='-O3'
C_O_FLAG_HIGHEST_JVM='-O3'
C_O_FLAG_NONE='-O0'
C_O_FLAG_NORM='-O2'
C_O_FLAG_SIZE='-Os'
DATE='/usr/bin/date'
DATE_WHEN_CONFIGURED='Mon Nov 17 15:14:01 CET 2025'
DEBUG_LEVEL='release'
DEFAULT_LOG=''
DEFAULT_MAKE_TARGET='exploded-image'
DEFINE_CROSS_COMPILE_ARCH=''
DEFS='-DPACKAGE_NAME=\"OpenJDK\" -DPACKAGE_TARNAME=\"openjdk\" -DPACKAGE_VERSION=\"openjdk\" -DPACKAGE_STRING=\"OpenJDK\ openjdk\" -DPACKAGE_BUGREPORT=\"build-dev@openjdk.org\" -DPACKAGE_URL=\"https://openjdk.org\" -DHAVE_STDIO_H=1 -DHAVE_STDLIB_H=1 -DHAVE_STRING_H=1 -DHAVE_INTTYPES_H=1 -DHAVE_STDINT_H=1 -DHAVE_STRINGS_H=1 -DHAVE_SYS_STAT_H=1 -DHAVE_SYS_TYPES_H=1 -DHAVE_UNISTD_H=1 -DSTDC_HEADERS=1 -DHAVE_STDIO_H=1 -DSIZEOF_INT_P=8 -DHAVE_CUPS_CUPS_H=1 -DHAVE_CUPS_PPD_H=1 -DHAVE_FONTCONFIG_FONTCONFIG_H=1 -DHAVE_LIBM=1 -DHAVE_LIBDL=1 -DHAVE_X11_EXTENSIONS_SHAPE_H=1 -DHAVE_X11_EXTENSIONS_XRENDER_H=1 -DHAVE_X11_EXTENSIONS_XTEST_H=1 -DHAVE_X11_INTRINSIC_H=1 -DHAVE_X11_EXTENSIONS_XRANDR_H=1'
DEVKIT_LIB_DIR=''
DF='/usr/bin/df'
DIFF='/usr/bin/diff'
DIRNAME='/usr/bin/dirname'
DISABLED_WARNINGS='unused-parameter'
DISABLED_WARNINGS_C=''
DISABLED_WARNINGS_CXX=''
DISABLE_WARNING_PREFIX='-Wno-'
DOCS_REFERENCE_JAVADOC=''
DOT=''
DSYMUTIL=''
DTRACE=''
DUMPBIN=''
ECHO='echo'
ECHO_C=''
ECHO_N='-n'
ECHO_T=''
EGREP='/usr/bin/grep -E'
ENABLE_COMPATIBLE_CDS_ALIGNMENT='false'
ENABLE_FALLBACK_LINKER='false'
ENABLE_FULL_DOCS='false'
ENABLE_GENERATE_CLASSLIST='true'
ENABLE_HEADLESS_ONLY='false'
ENABLE_HSDIS_BUNDLING='false'
ENABLE_JAVAC_SERVER='true'
ENABLE_LIBFFI_BUNDLING='false'
ENABLE_LINKTIME_GC='false'
ENABLE_PANDOC='false'
EXCLUDE_TRANSLATIONS=''
EXECUTABLE_SUFFIX=''
EXEEXT=''
EXPR='/usr/bin/expr'
EXTERNAL_BUILDJDK_PATH=''
EXTRA_ASFLAGS=''
EXTRA_CFLAGS='-m64 '
EXTRA_CXXFLAGS='-m64 '
EXTRA_LDFLAGS='-m64 '
FDLIBM_CFLAGS='-ffp-contract=off'
FGREP='/usr/bin/grep -F'
FILE='/usr/bin/file'
FILE_MACRO_CFLAGS='-fmacro-prefix-map=/home/ph/jdks/jdk/='
FIND='/usr/bin/find'
FIND_DELETE='-delete'
FIXPATH=''
FIXPATH_BASE=''
FLOCK='/usr/bin/flock'
FONTCONFIG_CFLAGS=''
FREETYPE_CFLAGS='-I/usr/include/freetype2 -I/usr/include/libpng16'
FREETYPE_LIBS='-lfreetype'
FREETYPE_TO_USE='system'
GCOV_ENABLED='false'
GENDEPS_FLAGS='-MMD -MF'
GIFLIB_CFLAGS=''
GIFLIB_LIBS=''
GIT='/usr/bin/git'
GREP='/usr/bin/grep'
GTEST_FRAMEWORK_SRC=''
GUNZIP='/usr/bin/gunzip'
GZIP='/usr/bin/pigz'
HARFBUZZ_CFLAGS=''
HARFBUZZ_LIBS=''
HEAD='/usr/bin/head'
HOTSPOT_BUILD_CPU='x86_64'
HOTSPOT_BUILD_CPU_ARCH='x86'
HOTSPOT_BUILD_CPU_DEFINE='AMD64'
HOTSPOT_BUILD_LIBC='gnu'
HOTSPOT_BUILD_OS='linux'
HOTSPOT_BUILD_OS_TYPE='posix'
HOTSPOT_BUILD_TIME='2025-11-17T14:14:03Z'
HOTSPOT_DEBUG_LEVEL='product'
HOTSPOT_OVERRIDE_LIBPATH=''
HOTSPOT_TARGET_CPU='x86_64'
HOTSPOT_TARGET_CPU_ARCH='x86'
HOTSPOT_TARGET_CPU_DEFINE='AMD64'
HOTSPOT_TARGET_LIBC='gnu'
HOTSPOT_TARGET_OS='linux'
HOTSPOT_TARGET_OS_TYPE='posix'
HOTSPOT_TOOLCHAIN_TYPE='gcc'
HOTSPOT_VM_DISTRO='OpenJDK'
HSDIS_BACKEND='none'
HSDIS_CFLAGS=''
HSDIS_LDFLAGS=''
HSDIS_LIBS=''
ICECC=''
ICECC_CMD=''
ICECC_CREATE_ENV=''
ICECC_WRAPPER=''
ICONV_CFLAGS=''
ICONV_LDFLAGS=''
ICONV_LIBS=''
IMPORT_MODULES_CLASSES=''
IMPORT_MODULES_CMDS=''
IMPORT_MODULES_CONF=''
IMPORT_MODULES_LEGAL=''
IMPORT_MODULES_LIBS=''
IMPORT_MODULES_MAKE=''
IMPORT_MODULES_MAN=''
IMPORT_MODULES_SRC=''
INCLUDE_COMPILER2='true'
INCLUDE_JVMCI='true'
INCLUDE_SA='true'
INSTALL_NAME_TOOL=''
ISO_8601_FORMAT_STRING='%Y-%m-%dT%H:%M:%SZ'
IS_GNU_DATE='yes'
IS_GNU_TIME='yes'
JAR='/home/ph/jdks/support/jdk-25.0.1/bin/jar'
JAVA='/home/ph/jdks/support/jdk-25.0.1/bin/java'
JAVAC='/home/ph/jdks/support/jdk-25.0.1/bin/javac'
JAVAC_CHECK=''
JAVADOC='/home/ph/jdks/support/jdk-25.0.1/bin/javadoc'
JAVA_CHECK=''
JAVA_FLAGS=' -Duser.language=en -Duser.country=US -Xlog:all=off:stdout -Xlog:all=warning:stderr '
JAVA_FLAGS_BIG=' -Xms64M -Xmx2048M'
JAVA_FLAGS_SMALL=' -XX:+UseSerialGC -Xms32M -Xmx512M -XX:TieredStopAtLevel=1'
JAVA_TOOL_FLAGS_SMALL=' -J-XX:+UseSerialGC -J-Xms32M -J-Xmx512M -J-XX:TieredStopAtLevel=1'
JAVA_WARNINGS_AS_ERRORS='true'
JCOV_ENABLED='false'
JCOV_FILTERS=''
JCOV_HOME=''
JCOV_INPUT_JDK=''
JCOV_MODULES=''
JDK_ARCH_ABI_PROP_NAME=''
JDK_RC_COMPANY_NAME='N/A'
JDK_RC_NAME='OpenJDK Platform'
JDK_RC_PLATFORM_NAME='Platform'
JDK_SOURCE_TARGET_VERSION='26'
JIB_HOME=''
JLINK_KEEP_PACKAGED_MODULES='true'
JLINK_PRODUCE_LINKABLE_RUNTIME='false'
JLINK_USER_EXTRA_FLAGS=''
JMH_COMMONS_MATH_JAR=''
JMH_CORE_JAR=''
JMH_GENERATOR_JAR=''
JMH_JOPT_SIMPLE_JAR=''
JMH_VERSION=''
JMOD_COMPRESS='zip-6'
JOBS='8'
JTREGEXE=''
JTREG_JDK='/home/ph/jdks/support/jdk-25.0.1'
JT_HOME=''
JVM_ASFLAGS=' -m64 '
JVM_CFLAGS='-D__STDC_FORMAT_MACROS -D__STDC_LIMIT_MACROS -D__STDC_CONSTANT_MACROS -D_GNU_SOURCE -D_REENTRANT       -pipe -fno-rtti -fno-exceptions         -fvisibility=hidden -fno-strict-aliasing -fno-omit-frame-pointer -fstack-protector -finput-charset=utf-8 -std=c++17         -DLIBC=gnu  -DLINUX -D_FILE_OFFSET_BITS=64         -Wall -Wextra -Wformat=2 -Winvalid-pch -Wpointer-arith -Wreturn-type           -Wsign-compare -Wtrampolines -Wtype-limits -Wundef -Wuninitialized           -Wunused-const-variable=1 -Wunused-function -Wunused-result           -Wunused-value -Woverloaded-virtual -Wreorder -fPIC -fmacro-prefix-map=/home/ph/jdks/jdk/=         -DVM_LITTLE_ENDIAN -D_LP64=1   -fno-lifetime-dse  -m64 '
JVM_FEATURES_client=''
JVM_FEATURES_core=''
JVM_FEATURES_custom=''
JVM_FEATURES_minimal=''
JVM_FEATURES_server='cds compiler1 compiler2 epsilongc g1gc jfr jni-check jvmci jvmti management parallelgc serialgc services shenandoahgc vm-structs zgc'
JVM_FEATURES_zero=''
JVM_LDFLAGS='-Wl,-z,defs -Wl,-z,relro -Wl,-z,now -Wl,--no-as-needed -Wl,--exclude-libs,ALL -Wl,-z,noexecstack                   -Wl,--hash-style=gnu  -m64          -static-libstdc++ -static-libgcc'
JVM_LIBS='-lm -ldl  -lpthread -lrt '
JVM_VARIANTS='server'
JVM_VARIANT_MAIN='server'
LAUNCHER_NAME='openjdk'
LCMS_CFLAGS=''
LCMS_LIBS=''
LD='/usr/bin/gcc'
LDCXX='/usr/bin/g++'
LDD='/usr/bin/ldd'
LDFLAGS='-m64  '
LDFLAGS_CXX_JDK=' -Wl,-O1'
LDFLAGS_CXX_PARTIAL_LINKING='-m64 -r'
LDFLAGS_JDKEXE='-Wl,-z,defs -Wl,-z,relro -Wl,-z,now -Wl,--no-as-needed -Wl,--exclude-libs,ALL -Wl,-z,noexecstack          -Wl,-O1 -m64   -pie         '
LDFLAGS_JDKLIB='-Wl,-z,defs -Wl,-z,relro -Wl,-z,now -Wl,--no-as-needed -Wl,--exclude-libs,ALL -Wl,-z,noexecstack          -Wl,-O1 -m64        -shared  '
LDFLAGS_STATIC_JDK='-Wl,-z,defs -Wl,-z,relro -Wl,-z,now -Wl,--no-as-needed -Wl,--exclude-libs,ALL -Wl,-z,noexecstack  -m64         '
LIB=''
LIBCXX=' -static-libstdc++ -static-libgcc'
LIBDL='-ldl '
LIBFFI_CFLAGS=''
LIBFFI_LIBS=''
LIBFFI_LIB_FILE=''
LIBFLAGS=''
LIBJPEG_CFLAGS=''
LIBJPEG_LIBS=''
LIBM='-lm'
LIBOBJS=''
LIBPTHREAD='-lpthread'
LIBRARY_PREFIX='lib'
LIBS='-lm '
LIBZIP_CAN_USE_MMAP='true'
LIBZ_CFLAGS=''
LIBZ_LIBS='-lz'
LIPO=''
LLD=''
LLVM_CONFIG=''
LN='/usr/bin/ln'
LOCALE='/usr/bin/locale'
LOCALE_USED='C.UTF-8'
LS='/usr/bin/ls'
LSAN_ENABLED='false'
LSB_RELEASE='/usr/bin/lsb_release'
LTLIBOBJS=''
MACHINE_FLAG='-m64'
MACOSX_BUNDLE_BUILD_VERSION='0'
MACOSX_BUNDLE_ID_BASE='net.java.openjdk-internal'
MACOSX_BUNDLE_NAME_BASE='OpenJDK'
MACOSX_CODESIGN_IDENTITY=''
MACOSX_CODESIGN_MODE='disabled'
MACOSX_VERSION_MAX=''
MACOSX_VERSION_MIN=''
MAKE='/usr/bin/gmake'
MEMORY_SIZE='30090'
METAL=''
METALLIB=''
MIG=''
MKDIR='/usr/bin/mkdir'
MKTEMP='/usr/bin/mktemp'
MSVCP_DLL=''
MSVCR_DLL=''
MT=''
MV='/usr/bin/mv'
NICE='/usr/bin/nice'
NM='/usr/bin/nm'
NMFLAGS=''
NUM_CORES='8'
OBJCOPY='/usr/bin/objcopy'
OBJDUMP='/usr/bin/objdump'
OBJEXT='o'
OBJ_SUFFIX='.o'
OLDEST_BOOT_JDK_VERSION='25'
OPENJDK_BUILD_ABI='gnu'
OPENJDK_BUILD_ADLC_LANGSTD_CXXFLAGS=''
OPENJDK_BUILD_AUTOCONF_NAME='x86_64-pc-linux-gnu'
OPENJDK_BUILD_BUNDLE_PLATFORM='linux-x64'
OPENJDK_BUILD_CFLAGS_JDKEXE=' -fvisibility=hidden -pipe -fstack-protector -finput-charset=utf-8        -DLIBC=gnu -D_GNU_SOURCE -D_REENTRANT -D_FILE_OFFSET_BITS=64 -DLINUX -DNDEBUG                 -fmacro-prefix-map=/home/ph/jdks/jdk/=   -std=c11 -fno-strict-aliasing        -Wall -Wextra -Wformat=2 -Winvalid-pch -Wpointer-arith -Wreturn-type           -Wsign-compare -Wtrampolines -Wtype-limits -Wundef -Wuninitialized           -Wunused-const-variable=1 -Wunused-function -Wunused-result           -Wunused-value  -D_LITTLE_ENDIAN -DARCH='\''"amd64"'\''       -Damd64 -D_LP64=1   -fno-omit-frame-pointer -fno-lifetime-dse -fPIE'
OPENJDK_BUILD_CFLAGS_JDKLIB=' -fvisibility=hidden -pipe -fstack-protector -finput-charset=utf-8        -DLIBC=gnu -D_GNU_SOURCE -D_REENTRANT -D_FILE_OFFSET_BITS=64 -DLINUX -DNDEBUG                 -fmacro-prefix-map=/home/ph/jdks/jdk/=   -std=c11 -fno-strict-aliasing        -Wall -Wextra -Wformat=2 -Winvalid-pch -Wpointer-arith -Wreturn-type           -Wsign-compare -Wtrampolines -Wtype-limits -Wundef -Wuninitialized           -Wunused-const-variable=1 -Wunused-function -Wunused-result           -Wunused-value  -D_LITTLE_ENDIAN -DARCH='\''"amd64"'\''       -Damd64 -D_LP64=1   -fno-omit-frame-pointer -fno-lifetime-dse       -fPIC '
OPENJDK_BUILD_CPU='x86_64'
OPENJDK_BUILD_CPU_ARCH='x86'
OPENJDK_BUILD_CPU_AUTOCONF='x86_64'
OPENJDK_BUILD_CPU_BITS='64'
OPENJDK_BUILD_CPU_ENDIAN='little'
OPENJDK_BUILD_CPU_LEGACY='amd64'
OPENJDK_BUILD_CPU_LEGACY_LIB='amd64'
OPENJDK_BUILD_CPU_OSARCH='amd64'
OPENJDK_BUILD_CXXFLAGS_JDKEXE=' -fvisibility=hidden -pipe -fstack-protector -finput-charset=utf-8        -DLIBC=gnu -D_GNU_SOURCE -D_REENTRANT -D_FILE_OFFSET_BITS=64 -DLINUX -DNDEBUG                 -fmacro-prefix-map=/home/ph/jdks/jdk/=           -std=c++17              -Wall -Wextra -Wformat=2 -Winvalid-pch -Wpointer-arith -Wreturn-type           -Wsign-compare -Wtrampolines -Wtype-limits -Wundef -Wuninitialized           -Wunused-const-variable=1 -Wunused-function -Wunused-result           -Wunused-value -Woverloaded-virtual -Wreorder  -D_LITTLE_ENDIAN -DARCH='\''"amd64"'\''       -Damd64 -D_LP64=1   -fno-omit-frame-pointer -fno-lifetime-dse -fPIE'
OPENJDK_BUILD_CXXFLAGS_JDKLIB=' -fvisibility=hidden -pipe -fstack-protector -finput-charset=utf-8        -DLIBC=gnu -D_GNU_SOURCE -D_REENTRANT -D_FILE_OFFSET_BITS=64 -DLINUX -DNDEBUG                 -fmacro-prefix-map=/home/ph/jdks/jdk/=           -std=c++17              -Wall -Wextra -Wformat=2 -Winvalid-pch -Wpointer-arith -Wreturn-type           -Wsign-compare -Wtrampolines -Wtype-limits -Wundef -Wuninitialized           -Wunused-const-variable=1 -Wunused-function -Wunused-result           -Wunused-value -Woverloaded-virtual -Wreorder  -D_LITTLE_ENDIAN -DARCH='\''"amd64"'\''       -Damd64 -D_LP64=1   -fno-omit-frame-pointer -fno-lifetime-dse       -fPIC '
OPENJDK_BUILD_FDLIBM_CFLAGS='-ffp-contract=off'
OPENJDK_BUILD_JDKLIB_LIBS=''
OPENJDK_BUILD_JVM_ASFLAGS=' '
OPENJDK_BUILD_JVM_CFLAGS='-D__STDC_FORMAT_MACROS -D__STDC_LIMIT_MACROS -D__STDC_CONSTANT_MACROS -D_GNU_SOURCE -D_REENTRANT       -pipe -fno-rtti -fno-exceptions         -fvisibility=hidden -fno-strict-aliasing -fno-omit-frame-pointer -fstack-protector -finput-charset=utf-8 -std=c++17         -DLIBC=gnu  -DLINUX -D_FILE_OFFSET_BITS=64         -Wall -Wextra -Wformat=2 -Winvalid-pch -Wpointer-arith -Wreturn-type           -Wsign-compare -Wtrampolines -Wtype-limits -Wundef -Wuninitialized           -Wunused-const-variable=1 -Wunused-function -Wunused-result           -Wunused-value -Woverloaded-virtual -Wreorder -fPIC -fmacro-prefix-map=/home/ph/jdks/jdk/=         -DVM_LITTLE_ENDIAN -D_LP64=1   -fno-lifetime-dse  '
OPENJDK_BUILD_JVM_LDFLAGS='-Wl,-z,defs -Wl,-z,relro -Wl,-z,now -Wl,--no-as-needed -Wl,--exclude-libs,ALL -Wl,-z,noexecstack                   -Wl,--hash-style=gnu           -static-libstdc++ -static-libgcc'
OPENJDK_BUILD_JVM_LIBS='-lm -ldl  -lpthread -lrt '
OPENJDK_BUILD_LDFLAGS_JDKEXE='-Wl,-z,defs -Wl,-z,relro -Wl,-z,now -Wl,--no-as-needed -Wl,--exclude-libs,ALL -Wl,-z,noexecstack          -Wl,-O1   -pie         '
OPENJDK_BUILD_LDFLAGS_JDKLIB='-Wl,-z,defs -Wl,-z,relro -Wl,-z,now -Wl,--no-as-needed -Wl,--exclude-libs,ALL -Wl,-z,noexecstack          -Wl,-O1        -shared  '
OPENJDK_BUILD_LDFLAGS_STATIC_JDK='-Wl,-z,defs -Wl,-z,relro -Wl,-z,now -Wl,--no-as-needed -Wl,--exclude-libs,ALL -Wl,-z,noexecstack          '
OPENJDK_BUILD_LIBC='gnu'
OPENJDK_BUILD_OS='linux'
OPENJDK_BUILD_OS_ENV='linux'
OPENJDK_BUILD_OS_INCLUDE_SUBDIR='linux'
OPENJDK_BUILD_OS_TYPE='unix'
OPENJDK_MODULE_TARGET_PLATFORM='linux-amd64'
OPENJDK_TARGET_ABI='gnu'
OPENJDK_TARGET_AUTOCONF_NAME='x86_64-pc-linux-gnu'
OPENJDK_TARGET_BUNDLE_PLATFORM='linux-x64'
OPENJDK_TARGET_CPU='x86_64'
OPENJDK_TARGET_CPU_ARCH='x86'
OPENJDK_TARGET_CPU_AUTOCONF='x86_64'
OPENJDK_TARGET_CPU_BITS='64'
OPENJDK_TARGET_CPU_ENDIAN='little'
OPENJDK_TARGET_CPU_LEGACY='amd64'
OPENJDK_TARGET_CPU_LEGACY_LIB='amd64'
OPENJDK_TARGET_CPU_OSARCH='amd64'
OPENJDK_TARGET_LIBC='gnu'
OPENJDK_TARGET_OS='linux'
OPENJDK_TARGET_OS_ENV='linux'
OPENJDK_TARGET_OS_INCLUDE_SUBDIR='linux'
OPENJDK_TARGET_OS_TYPE='unix'
OPENJDK_TARGET_OS_UPPERCASE='LINUX'
ORIGINAL_PATH='/home/ph/jdks/jdk-24.0.2/bin:/usr/local/sbin:/usr/local/bin:/usr/sbin:/usr/bin:/sbin:/bin:/usr/games:/usr/local/games:/snap/bin:/snap/bin'
OS_VERSION_MAJOR='5'
OS_VERSION_MICRO='0'
OS_VERSION_MINOR='15'
OTOOL=''
OUTPUTDIR='/home/ph/jdks/jdk/build/linux-x86_64-server-release'
OUTPUT_SYNC='none'
OUTPUT_SYNC_SUPPORTED='true'
PACKAGE_BUGREPORT='build-dev@openjdk.org'
PACKAGE_NAME='OpenJDK'
PACKAGE_STRING='OpenJDK openjdk'
PACKAGE_TARNAME='openjdk'
PACKAGE_URL='https://openjdk.org'
PACKAGE_VERSION='openjdk'
PANDOC=''
PANDOC_MARKDOWN_FLAG=''
PATCH='/usr/bin/patch'
PATHTOOL=''
PATH_SEPARATOR=':'
PKGHANDLER='/usr/bin/apt-get'
PKG_CONFIG='/usr/bin/pkg-config'
PNG_CFLAGS=''
PNG_LIBS=''
POTENTIAL_CC='/usr/bin/gcc'
POTENTIAL_CXX='/usr/bin/g++'
PRINTF='printf'
PRODUCT_NAME='OpenJDK'
PRODUCT_SUFFIX='Runtime Environment'
RC=''
RCFLAGS=''
READELF='/usr/bin/readelf'
READLINK='/usr/bin/readlink'
REAL_CONFIGURE_COMMAND_EXEC_FULL=''
REAL_CONFIGURE_COMMAND_EXEC_SHORT=''
REAL_CONFIGURE_COMMAND_LINE=''
RELEASE_FILE_LIBC='gnu'
RELEASE_FILE_OS_ARCH='x86_64'
RELEASE_FILE_OS_NAME='Linux'
REPRODUCIBLE_CFLAGS=''
RM='/usr/bin/rm -f'
RMDIR='/usr/bin/rmdir'
SED='/usr/bin/sed'
SETFILE=''
SH='/usr/bin/sh'
SHARED_LIBRARY_FLAGS='-shared'
SHARED_LIBRARY_SUFFIX='.so'
SHELL='/usr/bin/bash'
SHIP_DEBUG_SYMBOLS=''
SIGNING_HOOK=''
SORT='/usr/bin/sort'
SOURCE_DATE='1763388843'
SOURCE_DATE_ISO_8601='2025-11-17T14:14:03Z'
SPEC='/home/ph/jdks/jdk/build/linux-x86_64-server-release/spec.gmk'
STAT='/usr/bin/stat'
STATIC_ANALYZER_ENABLED='false'
STATIC_LIBRARY_SUFFIX='.a'
STRIP='/usr/bin/strip'
STRIPFLAGS='--strip-debug'
SVE_CFLAGS=''
SYSROOT=''
SYSROOT_CFLAGS=''
SYSROOT_LDFLAGS=''
TAIL='/usr/bin/tail'
TAR='/usr/bin/tar'
TAR_INCLUDE_PARAM='T'
TAR_SUPPORTS_TRANSFORM='true'
TAR_TYPE='gnu'
TEE='/usr/bin/tee'
TEST_JOBS='0'
TIDY=''
TIME='time'
TOOLCHAIN_PATH=''
TOOLCHAIN_TYPE='gcc'
TOOLCHAIN_VERSION=''
TOPDIR='/home/ph/jdks/jdk'
TOUCH='/usr/bin/touch'
TR='/usr/bin/tr'
UBSAN_CFLAGS=''
UBSAN_ENABLED='false'
UBSAN_LDFLAGS=''
UCRT_DLL_DIR=''
ULIMIT='ulimit'
UNAME='/usr/bin/uname'
UNIQ='/usr/bin/uniq'
UNLIMITED_CRYPTO='true'
UNZIP='/usr/bin/unzip'
USERNAME='ph'
USE_EXTERNAL_HARFBUZZ='false'
USE_EXTERNAL_LCMS='false'
USE_EXTERNAL_LIBGIF='false'
USE_EXTERNAL_LIBJPEG='false'
USE_EXTERNAL_LIBPNG='false'
USE_EXTERNAL_LIBZ='true'
USE_PRECOMPILED_HEADER='true'
VALID_JVM_FEATURES='cds compiler1 compiler2 dtrace epsilongc g1gc jfr jni-check jvmci jvmti link-time-opt management minimal opt-size parallelgc serialgc services shenandoahgc vm-structs zero zgc'
VALID_JVM_VARIANTS='server client minimal core zero custom'
VCRUNTIME_1_DLL=''
VENDOR_URL='https://openjdk.org/'
VENDOR_URL_BUG='https://bugreport.java.com/bugreport/'
VENDOR_URL_VM_BUG='https://bugreport.java.com/bugreport/crash.jsp'
VENDOR_VERSION_STRING='lleap'
VERSION_BUILD=''
VERSION_CLASSFILE_MAJOR='70'
VERSION_CLASSFILE_MINOR='0'
VERSION_DATE='2026-03-17'
VERSION_DOCS_API_SINCE='11'
VERSION_EXTRA1='0'
VERSION_EXTRA2='0'
VERSION_EXTRA3='0'
VERSION_FEATURE='26'
VERSION_INTERIM='0'
VERSION_IS_GA='false'
VERSION_NUMBER='26'
VERSION_NUMBER_FOUR_POSITIONS='26.0.0.0'
VERSION_OPT='lleap'
VERSION_PATCH='0'
VERSION_PRE='internal'
VERSION_SHORT='26-internal'
VERSION_STRING='26-internal-lleap'
VERSION_UPDATE='0'
WARNINGS_AS_ERRORS='true'
WC='/usr/bin/wc'
WHOAMI='/usr/bin/whoami'
WINENV_PREFIX=''
WINENV_ROOT=''
WORKSPACE_ROOT='/home/ph/jdks/jdk'
XARGS='/usr/bin/xargs'
XATTR=''
XCODEBUILD=''
XCRUN=''
XMKMF=''
X_CFLAGS=''
X_EXTRA_LIBS=''
X_LIBS=''
X_PRE_LIBS=' -lSM -lICE'
ZIPEXE='/usr/bin/zip'
ZIP_EXTERNAL_DEBUG_SYMBOLS='false'
ac_ct_CC=''
ac_ct_CXX=''
bindir='${exec_prefix}/bin'
build='x86_64-pc-linux-gnu'
build_alias=''
build_cpu='x86_64'
build_os='linux-gnu'
build_vendor='pc'
datadir='${datarootdir}'
datarootdir='${prefix}/share'
docdir='${datarootdir}/doc/${PACKAGE_TARNAME}'
dvidir='${docdir}'
exec_prefix='${prefix}'
host='x86_64-pc-linux-gnu'
host_alias=''
host_cpu='x86_64'
host_os='linux-gnu'
host_vendor='pc'
htmldir='${docdir}'
includedir='${prefix}/include'
infodir='${datarootdir}/info'
libdir='${exec_prefix}/lib'
libexecdir='${exec_prefix}/libexec'
localedir='${datarootdir}/locale'
localstatedir='${prefix}/var'
mandir='${datarootdir}/man'
oldincludedir='/usr/include'
pdfdir='${docdir}'
prefix='/usr/local'
program_transform_name='s,x,x,'
psdir='${docdir}'
runstatedir='${localstatedir}/run'
sbindir='${exec_prefix}/sbin'
sharedstatedir='${prefix}/com'
sysconfdir='${prefix}/etc'
target='x86_64-pc-linux-gnu'
target_alias=''
target_cpu='x86_64'
target_os='linux-gnu'
target_vendor='pc'

## ----------- ##
## confdefs.h. ##
## ----------- ##

/* confdefs.h */
#define PACKAGE_NAME "OpenJDK"
#define PACKAGE_TARNAME "openjdk"
#define PACKAGE_VERSION "openjdk"
#define PACKAGE_STRING "OpenJDK openjdk"
#define PACKAGE_BUGREPORT "build-dev@openjdk.org"
#define PACKAGE_URL "https://openjdk.org"
#define HAVE_STDIO_H 1
#define HAVE_STDLIB_H 1
#define HAVE_STRING_H 1
#define HAVE_INTTYPES_H 1
#define HAVE_STDINT_H 1
#define HAVE_STRINGS_H 1
#define HAVE_SYS_STAT_H 1
#define HAVE_SYS_TYPES_H 1
#define HAVE_UNISTD_H 1
#define STDC_HEADERS 1
#define HAVE_STDIO_H 1
#define SIZEOF_INT_P 8
#define HAVE_CUPS_CUPS_H 1
#define HAVE_CUPS_PPD_H 1
#define HAVE_FONTCONFIG_FONTCONFIG_H 1
#define HAVE_LIBM 1
#define HAVE_LIBDL 1
#define HAVE_X11_EXTENSIONS_SHAPE_H 1
#define HAVE_X11_EXTENSIONS_XRENDER_H 1
#define HAVE_X11_EXTENSIONS_XTEST_H 1
#define HAVE_X11_INTRINSIC_H 1
#define HAVE_X11_EXTENSIONS_XRANDR_H 1

configure: exit 0
